#
# A fatal error has been detected by the Java Runtime Environment:
#
#  SIGILL (0x4) at pc=0x00007fff94c5ee50, pid=54995, tid=0x0000000000000a0b
#
# JRE version: Java(TM) SE Runtime Environment (8.0_111-b14) (build 1.8.0_111-b14)
# Java VM: Java HotSpot(TM) 64-Bit Server VM (25.111-b14 mixed mode bsd-amd64 compressed oops)
# Problematic frame:
# C  [libobjc.A.dylib+0x15e50]  _ZL10_objc_trapv+0x0
#
# Failed to write core dump. Core dumps have been disabled. To enable core dumping, try "ulimit -c unlimited" before starting Java again
#
# If you would like to submit a bug report, please visit:
#   http://bugreport.java.com/bugreport/crash.jsp
# The crash happened outside the Java Virtual Machine in native code.
# See problematic frame for where to report the bug.
#

---------------  T H R E A D  ---------------

Current thread (0x00007fe17a959000):  JavaThread "AppKit Thread" daemon [_thread_in_native, id=2571, stack(0x00007fff5b7c2000,0x00007fff5bfc2000)]

siginfo: si_signo: 4 (SIGILL), si_code: 1 (ILL_ILLOPC), si_addr: 0x00007fff94c5ee50

Registers:
RAX=0x0000000000000000, RBX=0x00007fe178f51280, RCX=0x0000000000000000, RDX=0x00007fff79f4bc30
RSP=0x00007fff5bfbd1d8, RBP=0x00007fff5bfbd2c0, RSI=0x0000010000000100, RDI=0x00007fff79f4bc10
R8 =0x00000000fffffffc, R9 =0x00007fff79f4bc28, R10=0x00000000ffffffff, R11=0x0000000000000de0
R12=0x0000000000000001, R13=0x0000000000000000, R14=0x00007fff79f50f28, R15=0x00007fe178c58788
RIP=0x00007fff94c5ee50, EFLAGS=0x0000000000010206, ERR=0x0000000000000000
  TRAPNO=0x0000000000000006

Top of Stack: (sp=0x00007fff5bfbd1d8)
0x00007fff5bfbd1d8:   00007fff94c5ef90 00007fe178dbdfc0
0x00007fff5bfbd1e8:   00007fe178f51280 00007fff889b0d9c
0x00007fff5bfbd1f8:   00007fff889b0d9c 000000000000005f
0x00007fff5bfbd208:   00007fe178f51280 00007fff5bfbd240
0x00007fff5bfbd218:   00007fff94c51edf 00007fff5bfbd280
0x00007fff5bfbd228:   00007fff94c54e15 00007fff79f50f10
0x00007fff5bfbd238:   0000000000000001 00007fff5bfbd2a0
0x00007fff5bfbd248:   00007fe178c58788 00007fff5bfbd280
0x00007fff5bfbd258:   00007fff889b0d9c 00007fff889b0d9c
0x00007fff5bfbd268:   0000000000000000 00007fff77f81a38
0x00007fff5bfbd278:   00007fe178c58788 00007fff5bfbd2c0
0x00007fff5bfbd288:   00007fff94c54d80 00007fe178dbcb20
0x00007fff5bfbd298:   00007fe178dbcec0 0000003000000018
0x00007fff5bfbd2a8:   00007fff5bfbd2d0 00007fff5bfbd1e0
0x00007fff5bfbd2b8:   00007fe178c58788 00007fff5bfbd320
0x00007fff5bfbd2c8:   00007fff94c55bd7 00007fff79f4fe80
0x00007fff5bfbd2d8:   00007fff79f51380 00007fff5bfbd360
0x00007fff5bfbd2e8:   00007fff94c559ee 00007fff5bfbd310
0x00007fff5bfbd2f8:   00007fff79f4fe80 00007fe178c58788
0x00007fff5bfbd308:   0000000000000000 00007fff79f50f00
0x00007fff5bfbd318:   0000000000000000 00007fff5bfbd3a0
0x00007fff5bfbd328:   00007fff94c55966 ffff801e872a5c50
0x00007fff5bfbd338:   00007fe178c58590 0000000000001080
0x00007fff5bfbd348:   0000000000000000 0000000000000000
0x00007fff5bfbd358:   0000000000000000 00007fe178f51280
0x00007fff5bfbd368:   0000000000000021 0000000000000009
0x00007fff5bfbd378:   00007fe178d5a3b0 0000000000000000
0x00007fff5bfbd388:   00007fe178f39b70 00007fe178c58590
0x00007fff5bfbd398:   00007fe178f51280 00007fff5bfbd3e0
0x00007fff5bfbd3a8:   00007fff945cf973 00007fe178d5a3b0
0x00007fff5bfbd3b8:   0000000000000000 00007fe178f51280
0x00007fff5bfbd3c8:   00007fff94c4a4c0 00007fe178d5a3b0 

Instructions: (pc=0x00007fff94c5ee50)
0x00007fff94c5ee30:   df e8 62 d8 00 00 bf 02 00 00 00 48 89 de 48 89
0x00007fff94c5ee40:   c2 e8 b2 d8 00 00 48 81 c4 98 00 00 00 5b 5d c3
0x00007fff94c5ee50:   0f 0b 55 48 89 e5 48 81 ec d0 00 00 00 84 c0 74
0x00007fff94c5ee60:   26 0f 29 85 60 ff ff ff 0f 29 8d 70 ff ff ff 0f 

Register to memory mapping:

RAX=0x0000000000000000 is an unknown value
RBX=0x00007fe178f51280 is an unknown value
RCX=0x0000000000000000 is an unknown value
RDX=0x00007fff79f4bc30: _ZZL14_objc_crashlogPKcE13crashlog_lock+0x20 in /usr/lib/libobjc.A.dylib at 0x00007fff94c49000
RSP=0x00007fff5bfbd1d8 is pointing into the stack for thread: 0x00007fe17a959000
RBP=0x00007fff5bfbd2c0 is pointing into the stack for thread: 0x00007fe17a959000
RSI=0x0000010000000100 is an unknown value
RDI=0x00007fff79f4bc10: _ZZL14_objc_crashlogPKcE13crashlog_lock+0 in /usr/lib/libobjc.A.dylib at 0x00007fff94c49000
R8 =0x00000000fffffffc is an unknown value
R9 =0x00007fff79f4bc28: _ZZL14_objc_crashlogPKcE13crashlog_lock+0x18 in /usr/lib/libobjc.A.dylib at 0x00007fff94c49000
R10=0x00000000ffffffff is an unknown value
R11=0x0000000000000de0 is an unknown value
R12=0x0000000000000001 is an unknown value
R13=0x0000000000000000 is an unknown value
R14=0x00007fff79f50f28: _ZN12_GLOBAL__N_1L12SideTableBufE+0x10a8 in /usr/lib/libobjc.A.dylib at 0x00007fff94c49000
R15=0x00007fe178c58788 is an unknown value


Stack: [0x00007fff5b7c2000,0x00007fff5bfc2000],  sp=0x00007fff5bfbd1d8,  free space=8172k
Native frames: (J=compiled Java code, j=interpreted, Vv=VM code, C=native code)
C  [libobjc.A.dylib+0x15e50]  _ZL10_objc_trapv+0x0
C  [libobjc.A.dylib+0xcbd7]  weak_register_no_lock+0xde
C  [libobjc.A.dylib+0xc966]  objc_storeWeak+0x18b
C  [Foundation+0x19973]  -[NSConcreteMapTable setObject:forKey:]+0x6e
C  [AppKit+0x345f6a]  -[NSView(NSOpenGLContextAssociation) _setOpenGLContext:]+0xf2
C  [AppKit+0x6856dd]  __27-[NSOpenGLContext setView:]_block_invoke+0xd6
C  [AppKit+0x183325]  NSPerformVisuallyAtomicChange+0x93
C  [AppKit+0x345c0d]  -[NSOpenGLContext setView:]+0x77
C  [liblwjgl.dylib+0xa586]  -[MacOSXOpenGLView lockFocus]+0x76
C  [AppKit+0x1a8797]  -[NSView _recursiveDisplayRectIfNeededIgnoringOpacity:isVisibleRect:rectIsVisibleRectForView:topView:]+0x6e2
C  [AppKit+0x1a9785]  -[NSView _recursiveDisplayRectIfNeededIgnoringOpacity:isVisibleRect:rectIsVisibleRectForView:topView:]+0x16d0
C  [AppKit+0x1a7be0]  -[NSThemeFrame _recursiveDisplayRectIfNeededIgnoringOpacity:isVisibleRect:rectIsVisibleRectForView:topView:]+0x14e
C  [AppKit+0x1a5feb]  -[NSView _displayRectIgnoringOpacity:isVisibleRect:rectIsVisibleRectForView:]+0x991
C  [AppKit+0x1a13f5]  -[NSView displayIfNeeded]+0x79e
C  [AppKit+0x1a0c3c]  -[NSWindow displayIfNeeded]+0xe8
C  [AppKit+0x82541b]  ___NSWindowGetDisplayCycleObserver_block_invoke6365+0x1dc
C  [AppKit+0x1a05d6]  __37+[NSDisplayCycle currentDisplayCycle]_block_invoke+0x3ad
C  [QuartzCore+0x10f71]  _ZN2CA11Transaction19run_commit_handlersE18CATransactionPhase+0x55
C  [QuartzCore+0x1042c]  _ZN2CA7Context18commit_transactionEPNS_11TransactionE+0xa0
C  [QuartzCore+0x100ec]  _ZN2CA11Transaction6commitEv+0x1fc
C  [QuartzCore+0x1b977]  _ZN2CA11Transaction17observer_callbackEP19__CFRunLoopObservermPv+0x47
C  [CoreFoundation+0xaa067]  __CFRUNLOOP_IS_CALLING_OUT_TO_AN_OBSERVER_CALLBACK_FUNCTION__+0x17
C  [CoreFoundation+0xa9fd7]  __CFRunLoopDoObservers+0x187
C  [CoreFoundation+0x88ef8]  CFRunLoopRunSpecific+0x148
C  [HIToolbox+0x30935]  RunCurrentEventLoopInMode+0xeb
C  [HIToolbox+0x30677]  ReceiveNextEventCommon+0xb8
C  [HIToolbox+0x305af]  _BlockUntilNextEventMatchingListInModeWithFilter+0x47
C  [AppKit+0x48df6]  _DPSNextEvent+0x42b
C  [AppKit+0x48226]  -[NSApplication _nextEventMatchingEventMask:untilDate:inMode:dequeue:]+0x1c6
C  [libosxapp.dylib+0x23aa]  -[NSApplicationAWT nextEventMatchingMask:untilDate:inMode:dequeue:]+0x7c
C  [AppKit+0x3cd80]  -[NSApplication run]+0x2aa
C  [libosxapp.dylib+0x214d]  +[NSApplicationAWT runAWTLoopWithApp:]+0x9c
C  [libawt_lwawt.dylib+0x444b3]  -[AWTStarter starter:]+0x389
C  [Foundation+0x76fde]  __NSThreadPerformPerform+0x117
C  [CoreFoundation+0xaa881]  __CFRUNLOOP_IS_CALLING_OUT_TO_A_SOURCE0_PERFORM_FUNCTION__+0x11
C  [CoreFoundation+0x89fbc]  __CFRunLoopDoSources0+0x22c
C  [CoreFoundation+0x894df]  __CFRunLoopRun+0x39f
C  [CoreFoundation+0x88ed8]  CFRunLoopRunSpecific+0x128
C  [java+0x6465]  CreateExecutionEnvironment+0x367
C  [java+0x218c]  JLI_Launch+0x7a0
C  [java+0x84c2]  main+0x65
C  [java+0x19e4]  start+0x34
C  0x0000000000000006


---------------  P R O C E S S  ---------------

Java Threads: ( => current thread )
  0x00007fe17a142000 JavaThread "AWT-Shutdown" [_thread_blocked, id=29459, stack(0x0000700001150000,0x0000700001250000)]
=>0x00007fe17a959000 JavaThread "AppKit Thread" daemon [_thread_in_native, id=2571, stack(0x00007fff5b7c2000,0x00007fff5bfc2000)]
  0x00007fe179813000 JavaThread "Service Thread" daemon [_thread_blocked, id=18691, stack(0x0000700000e44000,0x0000700000f44000)]
  0x00007fe179022000 JavaThread "C1 CompilerThread2" daemon [_thread_blocked, id=18179, stack(0x0000700000d41000,0x0000700000e41000)]
  0x00007fe17901d800 JavaThread "C2 CompilerThread1" daemon [_thread_blocked, id=17667, stack(0x0000700000c3e000,0x0000700000d3e000)]
  0x00007fe17a025000 JavaThread "C2 CompilerThread0" daemon [_thread_blocked, id=17155, stack(0x0000700000b3b000,0x0000700000c3b000)]
  0x00007fe17901c000 JavaThread "Signal Dispatcher" daemon [_thread_blocked, id=14863, stack(0x0000700000a38000,0x0000700000b38000)]
  0x00007fe179019000 JavaThread "Finalizer" daemon [_thread_blocked, id=11779, stack(0x000070000082f000,0x000070000092f000)]
  0x00007fe17a007000 JavaThread "Reference Handler" daemon [_thread_blocked, id=11267, stack(0x000070000072c000,0x000070000082c000)]
  0x00007fe179802800 JavaThread "main" [_thread_in_native, id=4099, stack(0x0000700000084000,0x0000700000184000)]

Other Threads:
  0x00007fe179016800 VMThread [stack: 0x0000700000629000,0x0000700000729000] [id=10755]
  0x00007fe17901f800 WatcherThread [stack: 0x0000700000f47000,0x0000700001047000] [id=19203]

VM state:not at safepoint (normal execution)

VM Mutex/Monitor currently owned by a thread: None

Heap:
 PSYoungGen      total 76288K, used 37267K [0x000000076ab00000, 0x0000000770000000, 0x00000007c0000000)
  eden space 65536K, 56% used [0x000000076ab00000,0x000000076cf64f58,0x000000076eb00000)
  from space 10752K, 0% used [0x000000076f580000,0x000000076f580000,0x0000000770000000)
  to   space 10752K, 0% used [0x000000076eb00000,0x000000076eb00000,0x000000076f580000)
 ParOldGen       total 175104K, used 0K [0x00000006c0000000, 0x00000006cab00000, 0x000000076ab00000)
  object space 175104K, 0% used [0x00000006c0000000,0x00000006c0000000,0x00000006cab00000)
 Metaspace       used 6805K, capacity 6943K, committed 7168K, reserved 1056768K
  class space    used 683K, capacity 728K, committed 768K, reserved 1048576K

Card table byte_map: [0x0000000114c00000,0x0000000115401000] byte_map_base: 0x0000000111600000

Marking Bits: (ParMarkBitMap*) 0x00000001047a9d20
 Begin Bits: [0x0000000115957000, 0x0000000119957000)
 End Bits:   [0x0000000119957000, 0x000000011d957000)

Polling page: 0x0000000104e9e000

CodeCache: size=245760Kb used=3086Kb max_used=3097Kb free=242673Kb
 bounds [0x0000000104eb1000, 0x00000001051c1000, 0x0000000113eb1000]
 total_blobs=1100 nmethods=738 adapters=276
 compilation: enabled

Compilation events (10 events):
Event: 2.120 Thread 0x00007fe17901d800  735       4       java.nio.Buffer::limit (62 bytes)
Event: 2.121 Thread 0x00007fe17901d800 nmethod 735 0x00000001051b5910 code [0x00000001051b5a60, 0x00000001051b5b58]
Event: 2.154 Thread 0x00007fe179022000  736       3       data.Driver::checkTile (113 bytes)
Event: 2.155 Thread 0x00007fe179022000 nmethod 736 0x00000001051b29d0 code [0x00000001051b2d00, 0x00000001051b40b8]
Event: 2.180 Thread 0x00007fe179022000  737       3       java.nio.HeapByteBuffer::put (167 bytes)
Event: 2.181 Thread 0x00007fe179022000 nmethod 737 0x00000001051b5c50 code [0x00000001051b5ec0, 0x00000001051b7238]
Event: 2.226 Thread 0x00007fe17a025000  738       4       java.lang.ref.Reference::<init> (25 bytes)
Event: 2.227 Thread 0x00007fe17a025000 nmethod 738 0x00000001051b2750 code [0x00000001051b28a0, 0x00000001051b2958]
Event: 2.264 Thread 0x00007fe17901d800  739       4       sun.misc.URLClassPath$JarLoader::findResource (18 bytes)
Event: 2.264 Thread 0x00007fe17901d800 nmethod 739 0x00000001051b2490 code [0x00000001051b25e0, 0x00000001051b2688]

GC Heap History (0 events):
No events

Deoptimization events (4 events):
Event: 0.580 Thread 0x00007fe179802800 Uncommon trap: reason=unstable_if action=reinterpret pc=0x0000000105045f1c method=java.lang.String.replace(CC)Ljava/lang/String; @ 26
Event: 1.054 Thread 0x00007fe179802800 Uncommon trap: reason=unstable_if action=reinterpret pc=0x00000001050f572c method=org.newdawn.slick.opengl.PNGDecoder.unfilterPaeth([B[B)V @ 113
Event: 1.054 Thread 0x00007fe179802800 Uncommon trap: reason=unstable_if action=reinterpret pc=0x00000001050eed6c method=org.newdawn.slick.opengl.PNGDecoder.unfilterPaeth([B[B)V @ 113
Event: 1.112 Thread 0x00007fe179802800 Uncommon trap: reason=unstable_if action=reinterpret pc=0x00000001050b2ae0 method=java.nio.DirectByteBuffer.put([BII)Ljava/nio/ByteBuffer; @ 8

Internal exceptions (10 events):
Event: 0.039 Thread 0x00007fe179802800 Exception <a 'java/lang/NoSuchMethodError': Method sun.misc.Unsafe.defineClass(Ljava/lang/String;[BII)Ljava/lang/Class; name or signature does not match> (0x000000076ab07c78) thrown at [/Users/java_re/workspace/8-2-build-macosx-x86_64/jdk8u111/7883/hotspo
Event: 0.039 Thread 0x00007fe179802800 Exception <a 'java/lang/NoSuchMethodError': Method sun.misc.Unsafe.prefetchRead(Ljava/lang/Object;J)V name or signature does not match> (0x000000076ab07f60) thrown at [/Users/java_re/workspace/8-2-build-macosx-x86_64/jdk8u111/7883/hotspot/src/share/vm/pri
Event: 0.146 Thread 0x00007fe179802800 Exception <a 'java/security/PrivilegedActionException'> (0x000000076ac273d0) thrown at [/Users/java_re/workspace/8-2-build-macosx-x86_64/jdk8u111/7883/hotspot/src/share/vm/prims/jvm.cpp, line 1386]
Event: 0.146 Thread 0x00007fe179802800 Exception <a 'java/security/PrivilegedActionException'> (0x000000076ac275e0) thrown at [/Users/java_re/workspace/8-2-build-macosx-x86_64/jdk8u111/7883/hotspot/src/share/vm/prims/jvm.cpp, line 1386]
Event: 0.147 Thread 0x00007fe179802800 Exception <a 'java/security/PrivilegedActionException'> (0x000000076ac2aad0) thrown at [/Users/java_re/workspace/8-2-build-macosx-x86_64/jdk8u111/7883/hotspot/src/share/vm/prims/jvm.cpp, line 1386]
Event: 0.147 Thread 0x00007fe179802800 Exception <a 'java/security/PrivilegedActionException'> (0x000000076ac2ace0) thrown at [/Users/java_re/workspace/8-2-build-macosx-x86_64/jdk8u111/7883/hotspot/src/share/vm/prims/jvm.cpp, line 1386]
Event: 0.207 Thread 0x00007fe179802800 Exception <a 'java/lang/NoSuchFieldError': method resolution failed> (0x000000076ae3f7b0) thrown at [/Users/java_re/workspace/8-2-build-macosx-x86_64/jdk8u111/7883/hotspot/src/share/vm/prims/methodHandles.cpp, line 1146]
Event: 0.209 Thread 0x00007fe179802800 Exception <a 'java/lang/NoSuchFieldError': method resolution failed> (0x000000076ae4cf00) thrown at [/Users/java_re/workspace/8-2-build-macosx-x86_64/jdk8u111/7883/hotspot/src/share/vm/prims/methodHandles.cpp, line 1146]
Event: 0.365 Thread 0x00007fe179802800 Exception <a 'java/io/FileNotFoundException'> (0x000000076aec7d20) thrown at [/Users/java_re/workspace/8-2-build-macosx-x86_64/jdk8u111/7883/hotspot/src/share/vm/prims/jni.cpp, line 709]
Event: 0.365 Thread 0x00007fe179802800 Exception <a 'java/io/FileNotFoundException'> (0x000000076aec8870) thrown at [/Users/java_re/workspace/8-2-build-macosx-x86_64/jdk8u111/7883/hotspot/src/share/vm/prims/jni.cpp, line 709]

Events (10 events):
Event: 1.103 Thread 0x00007fe179802800 DEOPT UNPACKING pc=0x0000000104ef8633 sp=0x0000700000182d98 mode 0
Event: 1.104 Thread 0x00007fe179802800 DEOPT PACKING pc=0x0000000105150fb5 sp=0x0000700000183090
Event: 1.104 Thread 0x00007fe179802800 DEOPT UNPACKING pc=0x0000000104ef8633 sp=0x0000700000182d98 mode 0
Event: 1.112 Thread 0x00007fe179802800 Uncommon trap: trap_request=0xffffff65 fr.pc=0x00000001050b2ae0
Event: 1.112 Thread 0x00007fe179802800 DEOPT PACKING pc=0x00000001050b2ae0 sp=0x0000700000183520
Event: 1.112 Thread 0x00007fe179802800 DEOPT UNPACKING pc=0x0000000104eb6229 sp=0x00007000001834f0 mode 2
Event: 1.112 loading class org/lwjgl/opengl/Sync
Event: 1.112 loading class org/lwjgl/opengl/Sync done
Event: 1.113 loading class org/lwjgl/opengl/Sync$RunningAvg
Event: 1.113 loading class org/lwjgl/opengl/Sync$RunningAvg done


Dynamic libraries:
0x0000000007c9c000 	/System/Library/Frameworks/Cocoa.framework/Versions/A/Cocoa
0x0000000007c9c000 	/System/Library/Frameworks/Security.framework/Versions/A/Security
0x0000000007c9c000 	/System/Library/Frameworks/ApplicationServices.framework/Versions/A/ApplicationServices
0x0000000007c9c000 	/usr/lib/libz.1.dylib
0x0000000007c9c000 	/usr/lib/libSystem.B.dylib
0x0000000007c9c000 	/usr/lib/libobjc.A.dylib
0x0000000007c9c000 	/System/Library/Frameworks/CoreFoundation.framework/Versions/A/CoreFoundation
0x0000000007c9c000 	/System/Library/Frameworks/Foundation.framework/Versions/C/Foundation
0x0000000007c9c000 	/System/Library/Frameworks/AppKit.framework/Versions/C/AppKit
0x0000000007c9c000 	/System/Library/Frameworks/CoreData.framework/Versions/A/CoreData
0x0000000007c9c000 	/System/Library/PrivateFrameworks/RemoteViewServices.framework/Versions/A/RemoteViewServices
0x0000000007c9c000 	/System/Library/PrivateFrameworks/UIFoundation.framework/Versions/A/UIFoundation
0x0000000007c9c000 	/usr/lib/libScreenReader.dylib
0x0000000007c9c000 	/System/Library/Frameworks/Accelerate.framework/Versions/A/Accelerate
0x0000000007c9c000 	/System/Library/Frameworks/IOSurface.framework/Versions/A/IOSurface
0x0000000007c9c000 	/System/Library/Frameworks/AudioToolbox.framework/Versions/A/AudioToolbox
0x0000000007c9c000 	/System/Library/Frameworks/AudioUnit.framework/Versions/A/AudioUnit
0x0000000007c9c000 	/System/Library/PrivateFrameworks/DataDetectorsCore.framework/Versions/A/DataDetectorsCore
0x0000000007c9c000 	/System/Library/PrivateFrameworks/DesktopServicesPriv.framework/Versions/A/DesktopServicesPriv
0x0000000007c9c000 	/System/Library/Frameworks/Carbon.framework/Versions/A/Frameworks/HIToolbox.framework/Versions/A/HIToolbox
0x0000000007c9c000 	/System/Library/Frameworks/QuartzCore.framework/Versions/A/QuartzCore
0x0000000007c9c000 	/System/Library/Frameworks/Carbon.framework/Versions/A/Frameworks/SpeechRecognition.framework/Versions/A/SpeechRecognition
0x0000000007c9c000 	/usr/lib/libauto.dylib
0x0000000007c9c000 	/usr/lib/libicucore.A.dylib
0x0000000007c9c000 	/usr/lib/libxml2.2.dylib
0x0000000007c9c000 	/System/Library/PrivateFrameworks/CoreUI.framework/Versions/A/CoreUI
0x0000000007c9c000 	/System/Library/Frameworks/CoreAudio.framework/Versions/A/CoreAudio
0x0000000007c9c000 	/System/Library/Frameworks/DiskArbitration.framework/Versions/A/DiskArbitration
0x0000000007c9c000 	/usr/lib/liblangid.dylib
0x0000000007c9c000 	/System/Library/PrivateFrameworks/MultitouchSupport.framework/Versions/A/MultitouchSupport
0x0000000007c9c000 	/System/Library/Frameworks/IOKit.framework/Versions/A/IOKit
0x0000000007c9c000 	/usr/lib/libDiagnosticMessagesClient.dylib
0x0000000007c9c000 	/System/Library/Frameworks/CoreServices.framework/Versions/A/CoreServices
0x0000000007c9c000 	/System/Library/PrivateFrameworks/PerformanceAnalysis.framework/Versions/A/PerformanceAnalysis
0x0000000007c9c000 	/System/Library/PrivateFrameworks/GenerationalStorage.framework/Versions/A/GenerationalStorage
0x0000000007c9c000 	/System/Library/Frameworks/OpenGL.framework/Versions/A/OpenGL
0x0000000007c9c000 	/System/Library/PrivateFrameworks/Sharing.framework/Versions/A/Sharing
0x0000000007c9c000 	/System/Library/Frameworks/CoreGraphics.framework/Versions/A/CoreGraphics
0x0000000007c9c000 	/System/Library/Frameworks/CoreImage.framework/Versions/A/CoreImage
0x0000000007c9c000 	/System/Library/Frameworks/CoreText.framework/Versions/A/CoreText
0x0000000007c9c000 	/System/Library/Frameworks/ImageIO.framework/Versions/A/ImageIO
0x0000000007c9c000 	/System/Library/PrivateFrameworks/Backup.framework/Versions/A/Backup
0x0000000007c9c000 	/usr/lib/libextension.dylib
0x0000000007c9c000 	/usr/lib/libarchive.2.dylib
0x0000000007c9c000 	/System/Library/Frameworks/CFNetwork.framework/Versions/A/CFNetwork
0x0000000007c9c000 	/System/Library/Frameworks/SystemConfiguration.framework/Versions/A/SystemConfiguration
0x0000000007c9c000 	/usr/lib/libCRFSuite.dylib
0x0000000007c9c000 	/usr/lib/libc++.1.dylib
0x0000000007c9c000 	/usr/lib/libc++abi.dylib
0x0000000007c9c000 	/usr/lib/system/libcache.dylib
0x0000000007c9c000 	/usr/lib/system/libcommonCrypto.dylib
0x0000000007c9c000 	/usr/lib/system/libcompiler_rt.dylib
0x0000000007c9c000 	/usr/lib/system/libcopyfile.dylib
0x0000000007c9c000 	/usr/lib/system/libcorecrypto.dylib
0x0000000007c9c000 	/usr/lib/system/libdispatch.dylib
0x0000000007c9c000 	/usr/lib/system/libdyld.dylib
0x0000000007c9c000 	/usr/lib/system/libkeymgr.dylib
0x0000000007c9c000 	/usr/lib/system/liblaunch.dylib
0x0000000007c9c000 	/usr/lib/system/libmacho.dylib
0x0000000007c9c000 	/usr/lib/system/libquarantine.dylib
0x0000000007c9c000 	/usr/lib/system/libremovefile.dylib
0x0000000007c9c000 	/usr/lib/system/libsystem_asl.dylib
0x0000000007c9c000 	/usr/lib/system/libsystem_blocks.dylib
0x0000000007c9c000 	/usr/lib/system/libsystem_c.dylib
0x0000000007c9c000 	/usr/lib/system/libsystem_configuration.dylib
0x0000000007c9c000 	/usr/lib/system/libsystem_coreservices.dylib
0x0000000007c9c000 	/usr/lib/system/libsystem_coretls.dylib
0x0000000007c9c000 	/usr/lib/system/libsystem_dnssd.dylib
0x0000000007c9c000 	/usr/lib/system/libsystem_info.dylib
0x0000000007c9c000 	/usr/lib/system/libsystem_kernel.dylib
0x0000000007c9c000 	/usr/lib/system/libsystem_m.dylib
0x0000000007c9c000 	/usr/lib/system/libsystem_malloc.dylib
0x0000000007c9c000 	/usr/lib/system/libsystem_network.dylib
0x0000000007c9c000 	/usr/lib/system/libsystem_networkextension.dylib
0x0000000007c9c000 	/usr/lib/system/libsystem_notify.dylib
0x0000000007c9c000 	/usr/lib/system/libsystem_platform.dylib
0x0000000007c9c000 	/usr/lib/system/libsystem_pthread.dylib
0x0000000007c9c000 	/usr/lib/system/libsystem_sandbox.dylib
0x0000000007c9c000 	/usr/lib/system/libsystem_secinit.dylib
0x0000000007c9c000 	/usr/lib/system/libsystem_trace.dylib
0x0000000007c9c000 	/usr/lib/system/libunc.dylib
0x0000000007c9c000 	/usr/lib/system/libunwind.dylib
0x0000000007c9c000 	/usr/lib/system/libxpc.dylib
0x0000000007c9c000 	/usr/lib/libenergytrace.dylib
0x0000000007c9c000 	/usr/lib/libbsm.0.dylib
0x0000000007c9c000 	/usr/lib/system/libkxld.dylib
0x0000000007c9c000 	/usr/lib/libxar.1.dylib
0x0000000007c9c000 	/usr/lib/libsqlite3.dylib
0x0000000007c9c000 	/usr/lib/libpam.2.dylib
0x0000000007c9c000 	/usr/lib/libOpenScriptingUtil.dylib
0x0000000007c9c000 	/usr/lib/libbz2.1.0.dylib
0x0000000007c9c000 	/usr/lib/liblzma.5.dylib
0x0000000007c9c000 	/System/Library/Frameworks/CoreServices.framework/Versions/A/Frameworks/FSEvents.framework/Versions/A/FSEvents
0x0000000007c9c000 	/System/Library/Frameworks/CoreServices.framework/Versions/A/Frameworks/CarbonCore.framework/Versions/A/CarbonCore
0x0000000007c9c000 	/System/Library/Frameworks/CoreServices.framework/Versions/A/Frameworks/Metadata.framework/Versions/A/Metadata
0x0000000007c9c000 	/System/Library/Frameworks/CoreServices.framework/Versions/A/Frameworks/OSServices.framework/Versions/A/OSServices
0x0000000007c9c000 	/System/Library/Frameworks/CoreServices.framework/Versions/A/Frameworks/SearchKit.framework/Versions/A/SearchKit
0x0000000007c9c000 	/System/Library/Frameworks/CoreServices.framework/Versions/A/Frameworks/AE.framework/Versions/A/AE
0x0000000007c9c000 	/System/Library/Frameworks/CoreServices.framework/Versions/A/Frameworks/LaunchServices.framework/Versions/A/LaunchServices
0x0000000007c9c000 	/System/Library/Frameworks/CoreServices.framework/Versions/A/Frameworks/DictionaryServices.framework/Versions/A/DictionaryServices
0x0000000007c9c000 	/System/Library/Frameworks/CoreServices.framework/Versions/A/Frameworks/SharedFileList.framework/Versions/A/SharedFileList
0x0000000007c9c000 	/System/Library/Frameworks/NetFS.framework/Versions/A/NetFS
0x0000000007c9c000 	/System/Library/PrivateFrameworks/NetAuth.framework/Versions/A/NetAuth
0x0000000007c9c000 	/System/Library/PrivateFrameworks/login.framework/Versions/A/Frameworks/loginsupport.framework/Versions/A/loginsupport
0x0000000007c9c000 	/System/Library/PrivateFrameworks/TCC.framework/Versions/A/TCC
0x0000000007c9c000 	/usr/lib/libmecabra.dylib
0x0000000007c9c000 	/System/Library/Frameworks/ApplicationServices.framework/Versions/A/Frameworks/ATS.framework/Versions/A/ATS
0x0000000007c9c000 	/System/Library/Frameworks/ApplicationServices.framework/Versions/A/Frameworks/ColorSync.framework/Versions/A/ColorSync
0x0000000007c9c000 	/System/Library/Frameworks/ApplicationServices.framework/Versions/A/Frameworks/HIServices.framework/Versions/A/HIServices
0x0000000007c9c000 	/System/Library/Frameworks/ApplicationServices.framework/Versions/A/Frameworks/LangAnalysis.framework/Versions/A/LangAnalysis
0x0000000007c9c000 	/System/Library/Frameworks/ApplicationServices.framework/Versions/A/Frameworks/PrintCore.framework/Versions/A/PrintCore
0x0000000007c9c000 	/System/Library/Frameworks/ApplicationServices.framework/Versions/A/Frameworks/QD.framework/Versions/A/QD
0x0000000007c9c000 	/System/Library/Frameworks/ApplicationServices.framework/Versions/A/Frameworks/SpeechSynthesis.framework/Versions/A/SpeechSynthesis
0x0000000007c9c000 	/System/Library/Frameworks/Metal.framework/Versions/A/Metal
0x0000000007c9c000 	/System/Library/Frameworks/Accelerate.framework/Versions/A/Frameworks/vImage.framework/Versions/A/vImage
0x0000000007c9c000 	/System/Library/Frameworks/Accelerate.framework/Versions/A/Frameworks/vecLib.framework/Versions/A/vecLib
0x0000000007c9c000 	/System/Library/Frameworks/Accelerate.framework/Versions/A/Frameworks/vecLib.framework/Versions/A/libvDSP.dylib
0x0000000007c9c000 	/System/Library/Frameworks/Accelerate.framework/Versions/A/Frameworks/vecLib.framework/Versions/A/libvMisc.dylib
0x0000000007c9c000 	/System/Library/Frameworks/Accelerate.framework/Versions/A/Frameworks/vecLib.framework/Versions/A/libLAPACK.dylib
0x0000000007c9c000 	/System/Library/Frameworks/Accelerate.framework/Versions/A/Frameworks/vecLib.framework/Versions/A/libBLAS.dylib
0x0000000007c9c000 	/System/Library/Frameworks/Accelerate.framework/Versions/A/Frameworks/vecLib.framework/Versions/A/libLinearAlgebra.dylib
0x0000000007c9c000 	/System/Library/Frameworks/Accelerate.framework/Versions/A/Frameworks/vecLib.framework/Versions/A/libSparseBLAS.dylib
0x0000000007c9c000 	/System/Library/PrivateFrameworks/GPUCompiler.framework/libmetal_timestamp.dylib
0x0000000007c9c000 	/System/Library/Frameworks/OpenGL.framework/Versions/A/Libraries/libCoreFSCache.dylib
0x0000000007c9c000 	/System/Library/PrivateFrameworks/IOAccelerator.framework/Versions/A/IOAccelerator
0x0000000007c9c000 	/System/Library/Frameworks/ApplicationServices.framework/Versions/A/Frameworks/ATS.framework/Versions/A/Resources/libFontParser.dylib
0x0000000007c9c000 	/System/Library/Frameworks/ApplicationServices.framework/Versions/A/Frameworks/ATS.framework/Versions/A/Resources/libFontRegistry.dylib
0x0000000007c9c000 	/System/Library/PrivateFrameworks/AppleVPA.framework/Versions/A/AppleVPA
0x0000000007c9c000 	/System/Library/PrivateFrameworks/AppleJPEG.framework/Versions/A/AppleJPEG
0x0000000007c9c000 	/System/Library/Frameworks/ImageIO.framework/Versions/A/Resources/libJPEG.dylib
0x0000000007c9c000 	/System/Library/Frameworks/ImageIO.framework/Versions/A/Resources/libTIFF.dylib
0x0000000007c9c000 	/System/Library/Frameworks/ImageIO.framework/Versions/A/Resources/libPng.dylib
0x0000000007c9c000 	/System/Library/Frameworks/ImageIO.framework/Versions/A/Resources/libGIF.dylib
0x0000000007c9c000 	/System/Library/Frameworks/ImageIO.framework/Versions/A/Resources/libJP2.dylib
0x0000000007c9c000 	/System/Library/Frameworks/ImageIO.framework/Versions/A/Resources/libRadiance.dylib
0x0000000007c9c000 	/System/Library/Frameworks/CoreVideo.framework/Versions/A/CoreVideo
0x0000000007c9c000 	/System/Library/Frameworks/OpenGL.framework/Versions/A/Libraries/libGLU.dylib
0x0000000007c9c000 	/System/Library/Frameworks/OpenGL.framework/Versions/A/Libraries/libGFXShared.dylib
0x0000000007c9c000 	/System/Library/Frameworks/OpenGL.framework/Versions/A/Libraries/libGL.dylib
0x0000000007c9c000 	/System/Library/Frameworks/OpenGL.framework/Versions/A/Libraries/libGLImage.dylib
0x0000000007c9c000 	/System/Library/Frameworks/OpenGL.framework/Versions/A/Libraries/libCVMSPluginSupport.dylib
0x0000000007c9c000 	/System/Library/Frameworks/OpenGL.framework/Versions/A/Libraries/libCoreVMClient.dylib
0x0000000007c9c000 	/usr/lib/libcompression.dylib
0x0000000007c9c000 	/usr/lib/libcups.2.dylib
0x0000000007c9c000 	/System/Library/Frameworks/Kerberos.framework/Versions/A/Kerberos
0x0000000007c9c000 	/System/Library/Frameworks/GSS.framework/Versions/A/GSS
0x0000000007c9c000 	/usr/lib/libresolv.9.dylib
0x0000000007c9c000 	/usr/lib/libiconv.2.dylib
0x0000000007c9c000 	/System/Library/PrivateFrameworks/Heimdal.framework/Versions/A/Heimdal
0x0000000007c9c000 	/usr/lib/libheimdal-asn1.dylib
0x0000000007c9c000 	/System/Library/Frameworks/OpenDirectory.framework/Versions/A/OpenDirectory
0x0000000007c9c000 	/System/Library/PrivateFrameworks/CommonAuth.framework/Versions/A/CommonAuth
0x0000000007c9c000 	/System/Library/Frameworks/OpenDirectory.framework/Versions/A/Frameworks/CFOpenDirectory.framework/Versions/A/CFOpenDirectory
0x0000000007c9c000 	/System/Library/Frameworks/SecurityFoundation.framework/Versions/A/SecurityFoundation
0x0000000007c9c000 	/System/Library/PrivateFrameworks/LanguageModeling.framework/Versions/A/LanguageModeling
0x0000000007c9c000 	/usr/lib/libmarisa.dylib
0x0000000007c9c000 	/usr/lib/libChineseTokenizer.dylib
0x0000000007c9c000 	/usr/lib/libcmph.dylib
0x0000000007c9c000 	/System/Library/Frameworks/ServiceManagement.framework/Versions/A/ServiceManagement
0x0000000007c9c000 	/usr/lib/libxslt.1.dylib
0x0000000007c9c000 	/System/Library/Frameworks/Carbon.framework/Versions/A/Frameworks/Ink.framework/Versions/A/Ink
0x0000000007c9c000 	/usr/lib/libFosl_dynamic.dylib
0x0000000007c9c000 	/System/Library/PrivateFrameworks/FaceCore.framework/Versions/A/FaceCore
0x0000000007c9c000 	/System/Library/Frameworks/OpenCL.framework/Versions/A/OpenCL
0x0000000007c9c000 	/System/Library/PrivateFrameworks/CrashReporterSupport.framework/Versions/A/CrashReporterSupport
0x0000000007c9c000 	/System/Library/PrivateFrameworks/IconServices.framework/Versions/A/IconServices
0x0000000007c9c000 	/System/Library/PrivateFrameworks/Apple80211.framework/Versions/A/Apple80211
0x0000000007c9c000 	/System/Library/Frameworks/CoreWLAN.framework/Versions/A/CoreWLAN
0x0000000007c9c000 	/System/Library/Frameworks/IOBluetooth.framework/Versions/A/IOBluetooth
0x0000000007c9c000 	/System/Library/PrivateFrameworks/CoreWiFi.framework/Versions/A/CoreWiFi
0x0000000007c9c000 	/System/Library/Frameworks/CoreBluetooth.framework/Versions/A/CoreBluetooth
0x0000000007c9c000 	/System/Library/PrivateFrameworks/ChunkingLibrary.framework/Versions/A/ChunkingLibrary
0x0000000007c9c000 	/System/Library/PrivateFrameworks/DebugSymbols.framework/Versions/A/DebugSymbols
0x0000000007c9c000 	/System/Library/PrivateFrameworks/CoreSymbolication.framework/Versions/A/CoreSymbolication
0x0000000007c9c000 	/System/Library/PrivateFrameworks/Symbolication.framework/Versions/A/Symbolication
0x0000000007c9c000 	/System/Library/PrivateFrameworks/SpeechRecognitionCore.framework/Versions/A/SpeechRecognitionCore
0x0000000103eba000 	/Library/Java/JavaVirtualMachines/jdk1.8.0_111.jdk/Contents/Home/jre/lib/server/libjvm.dylib
0x0000000007c9c000 	/usr/lib/libstdc++.6.dylib
0x0000000104e5b000 	/Library/Java/JavaVirtualMachines/jdk1.8.0_111.jdk/Contents/Home/jre/lib/libverify.dylib
0x0000000104e69000 	/Library/Java/JavaVirtualMachines/jdk1.8.0_111.jdk/Contents/Home/jre/lib/libjava.dylib
0x0000000104ea8000 	/Library/Java/JavaVirtualMachines/jdk1.8.0_111.jdk/Contents/Home/jre/lib/libzip.dylib
0x000000011faed000 	/System/Library/Frameworks/JavaVM.framework/Frameworks/JavaRuntimeSupport.framework/JavaRuntimeSupport
0x000000011fb08000 	/System/Library/Frameworks/JavaVM.framework/Versions/A/Frameworks/JavaNativeFoundation.framework/Versions/A/JavaNativeFoundation
0x000000011fb1d000 	/System/Library/Frameworks/JavaVM.framework/Versions/A/JavaVM
0x0000000007c9c000 	/System/Library/Frameworks/Carbon.framework/Versions/A/Carbon
0x000000011fb2a000 	/System/Library/PrivateFrameworks/JavaLaunching.framework/Versions/A/JavaLaunching
0x0000000007c9c000 	/System/Library/Frameworks/Carbon.framework/Versions/A/Frameworks/CommonPanels.framework/Versions/A/CommonPanels
0x0000000007c9c000 	/System/Library/Frameworks/Carbon.framework/Versions/A/Frameworks/Help.framework/Versions/A/Help
0x0000000007c9c000 	/System/Library/Frameworks/Carbon.framework/Versions/A/Frameworks/ImageCapture.framework/Versions/A/ImageCapture
0x0000000007c9c000 	/System/Library/Frameworks/Carbon.framework/Versions/A/Frameworks/OpenScripting.framework/Versions/A/OpenScripting
0x0000000007c9c000 	/System/Library/Frameworks/Carbon.framework/Versions/A/Frameworks/Print.framework/Versions/A/Print
0x0000000007c9c000 	/System/Library/Frameworks/Carbon.framework/Versions/A/Frameworks/SecurityHI.framework/Versions/A/SecurityHI
0x0000000121462000 	/Library/Java/JavaVirtualMachines/jdk1.8.0_111.jdk/Contents/Home/jre/lib/libawt.dylib
0x000000012150a000 	/Library/Java/JavaVirtualMachines/jdk1.8.0_111.jdk/Contents/Home/jre/lib/./libmlib_image.dylib
0x00000001215d6000 	/Library/Java/JavaVirtualMachines/jdk1.8.0_111.jdk/Contents/Home/jre/lib/libawt_lwawt.dylib
0x000000012168b000 	/Library/Java/JavaVirtualMachines/jdk1.8.0_111.jdk/Contents/Home/jre/lib/./libosxapp.dylib
0x0000000007c9c000 	/System/Library/Frameworks/ExceptionHandling.framework/Versions/A/ExceptionHandling
0x0000000007c9c000 	/System/Library/PrivateFrameworks/CoreServicesInternal.framework/Versions/A/CoreServicesInternal
0x0000000007c9c000 	/System/Library/Frameworks/CoreGraphics.framework/Versions/A/Resources/libRIP.A.dylib
0x0000000007c9c000 	/System/Library/Frameworks/Accelerate.framework/Versions/A/Frameworks/vImage.framework/Versions/A/Libraries/libCGInterfaces.dylib
0x0000000007c9c000 	/System/Library/Frameworks/CoreGraphics.framework/Versions/A/Resources/libCGXType.A.dylib
0x0000000007c9c000 	/System/Library/Frameworks/OpenCL.framework/Versions/A/Libraries/libcldcpuengine.dylib
0x0000000007c9c000 	/System/Library/PrivateFrameworks/DiskImages.framework/Versions/A/DiskImages
0x0000000007c9c000 	/System/Library/Frameworks/DiscRecording.framework/Versions/A/DiscRecording
0x0000000007c9c000 	/usr/lib/libcsfde.dylib
0x0000000007c9c000 	/usr/lib/libcurl.4.dylib
0x0000000007c9c000 	/System/Library/PrivateFrameworks/MediaKit.framework/Versions/A/MediaKit
0x0000000007c9c000 	/System/Library/PrivateFrameworks/ProtectedCloudStorage.framework/Versions/A/ProtectedCloudStorage
0x0000000007c9c000 	/usr/lib/libCoreStorage.dylib
0x0000000007c9c000 	/System/Library/PrivateFrameworks/EFILogin.framework/Versions/A/EFILogin
0x0000000007c9c000 	/usr/lib/libutil.dylib
0x0000000007c9c000 	/System/Library/PrivateFrameworks/FindMyDevice.framework/Versions/A/FindMyDevice
0x0000000007c9c000 	/System/Library/Frameworks/LDAP.framework/Versions/A/LDAP
0x0000000007c9c000 	/usr/lib/libsasl2.2.dylib
0x0000000007c9c000 	/System/Library/PrivateFrameworks/CoreDaemon.framework/Versions/B/CoreDaemon
0x0000000007c9c000 	/usr/lib/libcrypto.0.9.8.dylib
0x0000000007c9c000 	/System/Library/PrivateFrameworks/AppleSRP.framework/Versions/A/AppleSRP
0x0000000007c9c000 	/System/Library/PrivateFrameworks/TrustEvaluationAgent.framework/Versions/A/TrustEvaluationAgent
0x000000012294e000 	cl_kernels
0x0000000007c9c000 	/System/Library/Frameworks/OpenCL.framework/Versions/A/Libraries/ImageFormats/unorm8_bgra.dylib
0x0000000007c9c000 	/System/Library/Frameworks/OpenCL.framework/Versions/A/Libraries/ImageFormats/unorm8_rgba.dylib
0x0000000007c9c000 	/System/Library/PrivateFrameworks/FamilyControls.framework/Versions/A/FamilyControls
0x0000000007c9c000 	/System/Library/PrivateFrameworks/CommerceKit.framework/Versions/A/Frameworks/CommerceCore.framework/Versions/A/CommerceCore
0x0000000007c9c000 	/System/Library/PrivateFrameworks/SystemAdministration.framework/Versions/A/SystemAdministration
0x0000000007c9c000 	/System/Library/PrivateFrameworks/AppContainer.framework/Versions/A/AppContainer
0x0000000007c9c000 	/System/Library/PrivateFrameworks/SecCodeWrapper.framework/Versions/A/SecCodeWrapper
0x0000000007c9c000 	/System/Library/Frameworks/DirectoryService.framework/Versions/A/DirectoryService
0x0000000007c9c000 	/System/Library/PrivateFrameworks/LoginUIKit.framework/Versions/A/Frameworks/LoginUICore.framework/Versions/A/LoginUICore
0x0000000007c9c000 	/usr/lib/libodfde.dylib
0x000000012296c000 	/Library/Java/JavaVirtualMachines/jdk1.8.0_111.jdk/Contents/Home/jre/lib/libfontmanager.dylib
0x00000001243b2000 	/Users/Tom/Desktop/junkish stuff/club stuff/TopDown 2 2/lib/lwjgl-2.9.3/native/macosx/liblwjgl.dylib
0x0000000122035000 	/Library/Java/JavaVirtualMachines/jdk1.8.0_111.jdk/Contents/Home/jre/lib/libjawt.dylib
0x0000000007c9c000 	/System/Library/Frameworks/OpenGL.framework/Versions/A/Resources/GLEngine.bundle/GLEngine
0x0000000007c9c000 	/System/Library/Frameworks/OpenGL.framework/Versions/A/Libraries/libGLProgrammability.dylib
0x0000000124434000 	/System/Library/Extensions/AppleIntelHD4000GraphicsGLDriver.bundle/Contents/MacOS/AppleIntelHD4000GraphicsGLDriver
0x0000000007c9c000 	/System/Library/PrivateFrameworks/GPUSupport.framework/Versions/A/Libraries/libGPUSupportMercury.dylib
0x0000000007c9c000 	/System/Library/Frameworks/OpenGL.framework/Versions/A/Resources/GLRendererFloat.bundle/GLRendererFloat

VM Arguments:
jvm_args: -Djava.library.path=/Users/Tom/Desktop/junkish stuff/club stuff/TopDown 2 2/lib/lwjgl-2.9.3/native/macosx:/Users/Tom/Desktop/junkish stuff/club stuff/TopDown 2 2/lib/lwjgl-2.9.3/native/macosx:/Users/Tom/Desktop/junkish stuff/club stuff/TopDown 2 2/lib/lwjgl-2.9.3/native/macosx -Dfile.encoding=UTF-8 
java_command: data.Driver
java_class_path (initial): /Users/Tom/Desktop/AI Project/OpenGL_Genetic_Langston/bin:/Users/Tom/Desktop/junkish stuff/club stuff/TopDown 2 2/lib/lwjgl-2.9.3/jar/lwjgl_util.jar:/Users/Tom/Desktop/junkish stuff/club stuff/TopDown 2 2/lib/lwjgl-2.9.3/jar/lwjgl.jar:/Users/Tom/Desktop/junkish stuff/club stuff/TopDown 2 2/lib/slick-util.jar
Launcher Type: SUN_STANDARD

Environment Variables:
PATH=/usr/bin:/bin:/usr/sbin:/sbin
SHELL=/bin/bash

Signal Handlers:
SIGSEGV: [libjvm.dylib+0x5b03ed], sa_mask[0]=11111111011111110111111111111111, sa_flags=SA_ONSTACK|SA_RESTART|SA_SIGINFO
SIGBUS: [libjvm.dylib+0x5b03ed], sa_mask[0]=11111111011111110111111111111111, sa_flags=SA_RESTART|SA_SIGINFO
SIGFPE: [libjvm.dylib+0x48711c], sa_mask[0]=11111111011111110111111111111111, sa_flags=SA_RESTART|SA_SIGINFO
SIGPIPE: [libjvm.dylib+0x48711c], sa_mask[0]=11111111011111110111111111111111, sa_flags=SA_RESTART|SA_SIGINFO
SIGXFSZ: [libjvm.dylib+0x48711c], sa_mask[0]=11111111011111110111111111111111, sa_flags=SA_RESTART|SA_SIGINFO
SIGILL: [libjvm.dylib+0x48711c], sa_mask[0]=11111111011111110111111111111111, sa_flags=SA_RESTART|SA_SIGINFO
SIGUSR1: SIG_DFL, sa_mask[0]=00000000000000000000000000000000, sa_flags=none
SIGUSR2: [libjvm.dylib+0x486c3a], sa_mask[0]=00100000000000000000000000000000, sa_flags=SA_RESTART|SA_SIGINFO
SIGHUP: [libjvm.dylib+0x485211], sa_mask[0]=11111111011111110111111111111111, sa_flags=SA_RESTART|SA_SIGINFO
SIGINT: [libjvm.dylib+0x485211], sa_mask[0]=11111111011111110111111111111111, sa_flags=SA_RESTART|SA_SIGINFO
SIGTERM: [libjvm.dylib+0x485211], sa_mask[0]=11111111011111110111111111111111, sa_flags=SA_RESTART|SA_SIGINFO
SIGQUIT: [libjvm.dylib+0x485211], sa_mask[0]=11111111011111110111111111111111, sa_flags=SA_RESTART|SA_SIGINFO


---------------  S Y S T E M  ---------------

OS:Bsduname:Darwin 15.6.0 Darwin Kernel Version 15.6.0: Thu Jun 23 18:25:34 PDT 2016; root:xnu-3248.60.10~1/RELEASE_X86_64 x86_64
rlimit: STACK 8192k, CORE 0k, NPROC 709, NOFILE 10240, AS infinity
load average:2.22 2.17 2.14

CPU:total 4 (2 cores per cpu, 2 threads per core) family 6 model 58 stepping 9, cmov, cx8, fxsr, mmx, sse, sse2, sse3, ssse3, sse4.1, sse4.2, popcnt, avx, aes, clmul, erms, ht, tsc, tscinvbit, tscinv

Memory: 4k page, physical 16777216k(513612k free)

/proc/meminfo:


vm_info: Java HotSpot(TM) 64-Bit Server VM (25.111-b14) for bsd-amd64 JRE (1.8.0_111-b14), built on Sep 22 2016 15:31:41 by "java_re" with gcc 4.2.1 (Based on Apple Inc. build 5658) (LLVM build 2336.11.00)

time: Tue Mar  7 18:15:19 2017
elapsed time: 2 seconds (0d 0h 0m 2s)

