#
# A fatal error has been detected by the Java Runtime Environment:
#
#  SIGSEGV (0xb) at pc=0x00007fff94c4a4dd, pid=26860, tid=0x0000000000000a0b
#
# JRE version: Java(TM) SE Runtime Environment (8.0_111-b14) (build 1.8.0_111-b14)
# Java VM: Java HotSpot(TM) 64-Bit Server VM (25.111-b14 mixed mode bsd-amd64 compressed oops)
# Problematic frame:
# C  [libobjc.A.dylib+0x14dd]  objc_msgSend+0x1d
#
# Failed to write core dump. Core dumps have been disabled. To enable core dumping, try "ulimit -c unlimited" before starting Java again
#
# If you would like to submit a bug report, please visit:
#   http://bugreport.java.com/bugreport/crash.jsp
# The crash happened outside the Java Virtual Machine in native code.
# See problematic frame for where to report the bug.
#

---------------  T H R E A D  ---------------

Current thread (0x00007f830a91d800):  JavaThread "AppKit Thread" daemon [_thread_in_native, id=2571, stack(0x00007fff522d4000,0x00007fff52ad4000)]

siginfo: si_signo: 11 (SIGSEGV), si_code: 1 (SEGV_MAPERR), si_addr: 0x0000000000000018

Registers:
RAX=0x00007f8309fa27c0, RBX=0x00007fff52acefa8, RCX=0x00007f8309e445f8, RDX=0x00007f8309cadd80
RSP=0x00007fff52acef68, RBP=0x00007fff52acef70, RSI=0x00007fff888a484a, RDI=0x00007f8309fa27c0
R8 =0x000000000000001f, R9 =0x00007f8309e2fb00, R10=0x00007fff888a484a, R11=0x0000000000000000
R12=0x00007f8309cadd80, R13=0x00007f8309e2fb00, R14=0x00007f8309e445f0, R15=0x0000000000000000
RIP=0x00007fff94c4a4dd, EFLAGS=0x0000000000010246, ERR=0x0000000000000004
  TRAPNO=0x000000000000000e

Top of Stack: (sp=0x00007fff52acef68)
0x00007fff52acef68:   00007fff9afbbbbc 00007fff52acef90
0x00007fff52acef78:   00007fff9afbbb4f 0000000000000000
0x00007fff52acef88:   0000000000000000 00007fff52acf000
0x00007fff52acef98:   00007fff9afbbac7 00007fff52acefd0
0x00007fff52acefa8:   00007fff7848f0a0 0000000042000000
0x00007fff52acefb8:   00007fff9afbbb10 00007fff7b59c720
0x00007fff52acefc8:   00007f8309e2fb00 00007f8309cadd80
0x00007fff52acefd8:   00007fff52acf7a8 00007fff7b6c9780
0x00007fff52acefe8:   00007fff52acf7a8 00007f8309e2fb00
0x00007fff52aceff8:   00007fff9b37b9e2 00007fff52acf040
0x00007fff52acf008:   00007fff9afbb832 00007fff52acf620
0x00007fff52acf018:   0000000000000001 00007fff7b6c9780
0x00007fff52acf028:   00007fff52acf7a8 00007fff94c4a4c0
0x00007fff52acf038:   00007fff9b37b9e2 00007fff52acf750
0x00007fff52acf048:   00007fff9af785e2 00007f8309f87d80
0x00007fff52acf058:   ffff807cf6078280 00007fff79f4fe80
0x00007fff52acf068:   00007f8309f139e0 00007f830a0090b8
0x00007fff52acf078:   00007f8309e36b30 0000000000000000
0x00007fff52acf088:   0000000000000000 0000000000000000
0x00007fff52acf098:   00007f8309e386d0 00007fff7b5d9bc0
0x00007fff52acf0a8:   00007fff52acf620 0000000000000002
0x00007fff52acf0b8:   0000000000000100 00007fff52acf000
0x00007fff52acf0c8:   00007fff52acf520 0000000000000000
0x00007fff52acf0d8:   0000000000000100 00007fff52acf100
0x00007fff52acf0e8:   00007fff7b6c9780 0000000000000000
0x00007fff52acf0f8:   00007fff7b59d500 00007fff7b6c9780
0x00007fff52acf108:   0000000000000000 00007fff7b59d500
0x00007fff52acf118:   00007fff79f4fe80 00007fff52acf190
0x00007fff52acf128:   00007fff94c52310 0000000000000000
0x00007fff52acf138:   00007fff79f51b10 0000000100000000
0x00007fff52acf148:   0000000000000000 ffff807cf61caef0
0x00007fff52acf158:   00007f8309f758e0 00007f8309f759e0 

Instructions: (pc=0x00007fff94c4a4dd)
0x00007fff94c4a4bd:   44 00 00 48 85 ff 2e 74 62 40 f6 c7 01 2e 75 66
0x00007fff94c4a4cd:   49 bb f8 ff ff ff ff 7f 00 00 4c 23 1f 49 89 f2
0x00007fff94c4a4dd:   45 23 53 18 49 c1 e2 04 4d 03 53 10 49 3b 32 75
0x00007fff94c4a4ed:   04 41 ff 62 08 49 83 3a 01 76 0d 49 83 c2 10 49 

Register to memory mapping:

RAX=0x00007f8309fa27c0 is an unknown value
RBX=0x00007fff52acefa8 is pointing into the stack for thread: 0x00007f830a91d800
RCX=0x00007f8309e445f8 is an unknown value
RDX=0x00007f8309cadd80 is an unknown value
RSP=0x00007fff52acef68 is pointing into the stack for thread: 0x00007f830a91d800
RBP=0x00007fff52acef70 is pointing into the stack for thread: 0x00007f830a91d800
RSI=0x00007fff888a484a: -[NSTitlebarContainerView transparent]+0x63088 in /System/Library/Frameworks/AppKit.framework/Versions/C/AppKit at 0x00007fff87e17000
RDI=0x00007f8309fa27c0 is an unknown value
R8 =0x000000000000001f is an unknown value
R9 =0x00007f8309e2fb00 is an unknown value
R10=0x00007fff888a484a: -[NSTitlebarContainerView transparent]+0x63088 in /System/Library/Frameworks/AppKit.framework/Versions/C/AppKit at 0x00007fff87e17000
R11=0x0000000000000000 is an unknown value
R12=0x00007f8309cadd80 is an unknown value
R13=0x00007f8309e2fb00 is an unknown value
R14=0x00007f8309e445f0 is an unknown value
R15=0x0000000000000000 is an unknown value


Stack: [0x00007fff522d4000,0x00007fff52ad4000],  sp=0x00007fff52acef68,  free space=8171k
Native frames: (J=compiled Java code, j=interpreted, Vv=VM code, C=native code)
C  [libobjc.A.dylib+0x14dd]  objc_msgSend+0x1d
C  [CoreFoundation+0xa0b4f]  ___CFXRegistrationPost_block_invoke+0x3f
C  [CoreFoundation+0xa0ac7]  _CFXRegistrationPost+0x197
C  [CoreFoundation+0xa0832]  ___CFXNotificationPost_block_invoke+0x32
C  [CoreFoundation+0x5d5e2]  -[_CFXNotificationRegistrar find:object:observer:enumerator:]+0x782
C  [CoreFoundation+0x5c835]  _CFXNotificationPost+0x2b5
C  [Foundation+0x717a]  -[NSNotificationCenter postNotificationName:object:userInfo:]+0x42
C  [AppKit+0x26526e]  -[NSSurface _disposeSurface]+0xa9
C  [AppKit+0x264cc7]  -[NSSurface setWindow:]+0x42
C  [AppKit+0x28ba7]  -[NSView _setWindow:]+0x9be
C  [AppKit+0x2b993]  -[NSView removeFromSuperview]+0x1d7
C  [AppKit+0x155c7b]  -[NSView removeFromSuperviewWithoutNeedingDisplay]+0x26
C  [liblwjgl.dylib+0xa205]  +[MacOSXKeyableWindow destroyWindow]+0xb5
C  [Foundation+0x76fde]  __NSThreadPerformPerform+0x117
C  [CoreFoundation+0xaa881]  __CFRUNLOOP_IS_CALLING_OUT_TO_A_SOURCE0_PERFORM_FUNCTION__+0x11
C  [CoreFoundation+0x89fbc]  __CFRunLoopDoSources0+0x22c
C  [CoreFoundation+0x894df]  __CFRunLoopRun+0x39f
C  [CoreFoundation+0x88ed8]  CFRunLoopRunSpecific+0x128
C  [HIToolbox+0x30935]  RunCurrentEventLoopInMode+0xeb
C  [HIToolbox+0x3076f]  ReceiveNextEventCommon+0x1b0
C  [HIToolbox+0x305af]  _BlockUntilNextEventMatchingListInModeWithFilter+0x47
C  [AppKit+0x48df6]  _DPSNextEvent+0x42b
C  [AppKit+0x48226]  -[NSApplication _nextEventMatchingEventMask:untilDate:inMode:dequeue:]+0x1c6
C  [libosxapp.dylib+0x23aa]  -[NSApplicationAWT nextEventMatchingMask:untilDate:inMode:dequeue:]+0x7c
C  [AppKit+0x3cd80]  -[NSApplication run]+0x2aa
C  [libosxapp.dylib+0x214d]  +[NSApplicationAWT runAWTLoopWithApp:]+0x9c
C  [libawt_lwawt.dylib+0x444b3]  -[AWTStarter starter:]+0x389
C  [Foundation+0x76fde]  __NSThreadPerformPerform+0x117
C  [CoreFoundation+0xaa881]  __CFRUNLOOP_IS_CALLING_OUT_TO_A_SOURCE0_PERFORM_FUNCTION__+0x11
C  [CoreFoundation+0x89fbc]  __CFRunLoopDoSources0+0x22c
C  [CoreFoundation+0x894df]  __CFRunLoopRun+0x39f
C  [CoreFoundation+0x88ed8]  CFRunLoopRunSpecific+0x128
C  [java+0x6465]  CreateExecutionEnvironment+0x367
C  [java+0x218c]  JLI_Launch+0x7a0
C  [java+0x84c2]  main+0x65
C  [java+0x19e4]  start+0x34
C  0x0000000000000006


---------------  P R O C E S S  ---------------

Java Threads: ( => current thread )
  0x00007f830a22f000 JavaThread "AWT-Shutdown" [_thread_blocked, id=28211, stack(0x00007000010cd000,0x00007000011cd000)]
=>0x00007f830a91d800 JavaThread "AppKit Thread" daemon [_thread_in_native, id=2571, stack(0x00007fff522d4000,0x00007fff52ad4000)]
  0x00007f830a00a800 JavaThread "Service Thread" daemon [_thread_blocked, id=18435, stack(0x0000700000dc1000,0x0000700000ec1000)]
  0x00007f830a019800 JavaThread "C1 CompilerThread2" daemon [_thread_blocked, id=17923, stack(0x0000700000cbe000,0x0000700000dbe000)]
  0x00007f830b805800 JavaThread "C2 CompilerThread1" daemon [_thread_blocked, id=17411, stack(0x0000700000bbb000,0x0000700000cbb000)]
  0x00007f830b804000 JavaThread "C2 CompilerThread0" daemon [_thread_blocked, id=16899, stack(0x0000700000ab8000,0x0000700000bb8000)]
  0x00007f830b802000 JavaThread "Signal Dispatcher" daemon [_thread_blocked, id=12815, stack(0x00007000009b5000,0x0000700000ab5000)]
  0x00007f830b01c000 JavaThread "Finalizer" daemon [_thread_blocked, id=12291, stack(0x000070000082f000,0x000070000092f000)]
  0x00007f830b019000 JavaThread "Reference Handler" daemon [_thread_blocked, id=11779, stack(0x000070000072c000,0x000070000082c000)]
  0x00007f830b001000 JavaThread "main" [_thread_in_native, id=5891, stack(0x000070000011a000,0x000070000021a000)]

Other Threads:
  0x00007f830b014800 VMThread [stack: 0x0000700000629000,0x0000700000729000] [id=11267]
  0x00007f830b803000 WatcherThread [stack: 0x0000700000ec4000,0x0000700000fc4000] [id=18947]

VM state:not at safepoint (normal execution)

VM Mutex/Monitor currently owned by a thread: None

Heap:
 PSYoungGen      total 76288K, used 19082K [0x000000076ab00000, 0x0000000770000000, 0x00000007c0000000)
  eden space 65536K, 24% used [0x000000076ab00000,0x000000076ba88b10,0x000000076eb00000)
  from space 10752K, 29% used [0x000000076eb00000,0x000000076ee19d20,0x000000076f580000)
  to   space 10752K, 0% used [0x000000076f580000,0x000000076f580000,0x0000000770000000)
 ParOldGen       total 175104K, used 16K [0x00000006c0000000, 0x00000006cab00000, 0x000000076ab00000)
  object space 175104K, 0% used [0x00000006c0000000,0x00000006c0004000,0x00000006cab00000)
 Metaspace       used 6897K, capacity 7039K, committed 7168K, reserved 1056768K
  class space    used 690K, capacity 760K, committed 768K, reserved 1048576K

Card table byte_map: [0x000000011df6a000,0x000000011e76b000] byte_map_base: 0x000000011a96a000

Marking Bits: (ParMarkBitMap*) 0x000000010e4efd20
 Begin Bits: [0x000000011ecc1000, 0x0000000122cc1000)
 End Bits:   [0x0000000122cc1000, 0x0000000126cc1000)

Polling page: 0x000000010d3ef000

CodeCache: size=245760Kb used=3389Kb max_used=3401Kb free=242370Kb
 bounds [0x000000010ebaa000, 0x000000010ef0a000, 0x000000011dbaa000]
 total_blobs=1171 nmethods=808 adapters=277
 compilation: enabled

Compilation events (10 events):
Event: 3.493 Thread 0x00007f830b804000  805 % !   4       org.lwjgl.opengl.Sync::sync @ 65 (125 bytes)
Event: 3.498 Thread 0x00007f830b804000 nmethod 805% 0x000000010eef8810 code [0x000000010eef89a0, 0x000000010eef8d88]
Event: 3.506 Thread 0x00007f830b805800  806       4       data.Driver::checkTile (128 bytes)
Event: 3.512 Thread 0x00007f830b805800 nmethod 806 0x000000010eefd6d0 code [0x000000010eefd8a0, 0x000000010eefdda0]
Event: 3.533 Thread 0x00007f830b804000  807   !   4       org.lwjgl.opengl.Sync::sync (125 bytes)
Event: 3.544 Thread 0x00007f830b804000 nmethod 807 0x000000010eefc4d0 code [0x000000010eefc6c0, 0x000000010eefd010]
Event: 3.871 Thread 0x00007f830b805800  808       4       java.nio.Buffer::flip (20 bytes)
Event: 3.871 Thread 0x00007f830b805800 nmethod 808 0x000000010eef85d0 code [0x000000010eef8720, 0x000000010eef8798]
Event: 3.958 Thread 0x00007f830a019800  809       3       java.nio.HeapByteBuffer::_put (8 bytes)
Event: 3.958 Thread 0x00007f830a019800 nmethod 809 0x000000010eef3a10 code [0x000000010eef3b80, 0x000000010eef3cf0]

GC Heap History (2 events):
Event: 3.167 GC heap before
{Heap before GC invocations=1 (full 0):
 PSYoungGen      total 76288K, used 65536K [0x000000076ab00000, 0x0000000770000000, 0x00000007c0000000)
  eden space 65536K, 100% used [0x000000076ab00000,0x000000076eb00000,0x000000076eb00000)
  from space 10752K, 0% used [0x000000076f580000,0x000000076f580000,0x0000000770000000)
  to   space 10752K, 0% used [0x000000076eb00000,0x000000076eb00000,0x000000076f580000)
 ParOldGen       total 175104K, used 0K [0x00000006c0000000, 0x00000006cab00000, 0x000000076ab00000)
  object space 175104K, 0% used [0x00000006c0000000,0x00000006c0000000,0x00000006cab00000)
 Metaspace       used 6875K, capacity 7039K, committed 7168K, reserved 1056768K
  class space    used 689K, capacity 760K, committed 768K, reserved 1048576K
Event: 3.172 GC heap after
Heap after GC invocations=1 (full 0):
 PSYoungGen      total 76288K, used 3175K [0x000000076ab00000, 0x0000000770000000, 0x00000007c0000000)
  eden space 65536K, 0% used [0x000000076ab00000,0x000000076ab00000,0x000000076eb00000)
  from space 10752K, 29% used [0x000000076eb00000,0x000000076ee19d20,0x000000076f580000)
  to   space 10752K, 0% used [0x000000076f580000,0x000000076f580000,0x0000000770000000)
 ParOldGen       total 175104K, used 16K [0x00000006c0000000, 0x00000006cab00000, 0x000000076ab00000)
  object space 175104K, 0% used [0x00000006c0000000,0x00000006c0004000,0x00000006cab00000)
 Metaspace       used 6875K, capacity 7039K, committed 7168K, reserved 1056768K
  class space    used 689K, capacity 760K, committed 768K, reserved 1048576K
}

Deoptimization events (4 events):
Event: 0.884 Thread 0x00007f830b001000 Uncommon trap: reason=unstable_if action=reinterpret pc=0x000000010ed412dc method=java.lang.String.replace(CC)Ljava/lang/String; @ 26
Event: 1.918 Thread 0x00007f830b001000 Uncommon trap: reason=unstable_if action=reinterpret pc=0x000000010edd796c method=org.newdawn.slick.opengl.PNGDecoder.unfilterPaeth([B[B)V @ 113
Event: 1.918 Thread 0x00007f830b001000 Uncommon trap: reason=unstable_if action=reinterpret pc=0x000000010edde7ec method=org.newdawn.slick.opengl.PNGDecoder.unfilterPaeth([B[B)V @ 113
Event: 2.021 Thread 0x00007f830b001000 Uncommon trap: reason=unstable_if action=reinterpret pc=0x000000010eda6ce0 method=java.nio.DirectByteBuffer.put([BII)Ljava/nio/ByteBuffer; @ 8

Internal exceptions (10 events):
Event: 0.044 Thread 0x00007f830b001000 Exception <a 'java/lang/NoSuchMethodError': Method sun.misc.Unsafe.defineClass(Ljava/lang/String;[BII)Ljava/lang/Class; name or signature does not match> (0x000000076ab07c78) thrown at [/Users/java_re/workspace/8-2-build-macosx-x86_64/jdk8u111/7883/hotspo
Event: 0.044 Thread 0x00007f830b001000 Exception <a 'java/lang/NoSuchMethodError': Method sun.misc.Unsafe.prefetchRead(Ljava/lang/Object;J)V name or signature does not match> (0x000000076ab07f60) thrown at [/Users/java_re/workspace/8-2-build-macosx-x86_64/jdk8u111/7883/hotspot/src/share/vm/pri
Event: 0.255 Thread 0x00007f830b001000 Exception <a 'java/security/PrivilegedActionException'> (0x000000076ac28738) thrown at [/Users/java_re/workspace/8-2-build-macosx-x86_64/jdk8u111/7883/hotspot/src/share/vm/prims/jvm.cpp, line 1386]
Event: 0.255 Thread 0x00007f830b001000 Exception <a 'java/security/PrivilegedActionException'> (0x000000076ac28948) thrown at [/Users/java_re/workspace/8-2-build-macosx-x86_64/jdk8u111/7883/hotspot/src/share/vm/prims/jvm.cpp, line 1386]
Event: 0.256 Thread 0x00007f830b001000 Exception <a 'java/security/PrivilegedActionException'> (0x000000076ac2be38) thrown at [/Users/java_re/workspace/8-2-build-macosx-x86_64/jdk8u111/7883/hotspot/src/share/vm/prims/jvm.cpp, line 1386]
Event: 0.256 Thread 0x00007f830b001000 Exception <a 'java/security/PrivilegedActionException'> (0x000000076ac2c048) thrown at [/Users/java_re/workspace/8-2-build-macosx-x86_64/jdk8u111/7883/hotspot/src/share/vm/prims/jvm.cpp, line 1386]
Event: 0.305 Thread 0x00007f830b001000 Exception <a 'java/lang/NoSuchFieldError': method resolution failed> (0x000000076ae40a98) thrown at [/Users/java_re/workspace/8-2-build-macosx-x86_64/jdk8u111/7883/hotspot/src/share/vm/prims/methodHandles.cpp, line 1146]
Event: 0.307 Thread 0x00007f830b001000 Exception <a 'java/lang/NoSuchFieldError': method resolution failed> (0x000000076ae4e1e8) thrown at [/Users/java_re/workspace/8-2-build-macosx-x86_64/jdk8u111/7883/hotspot/src/share/vm/prims/methodHandles.cpp, line 1146]
Event: 0.672 Thread 0x00007f830b001000 Exception <a 'java/io/FileNotFoundException'> (0x000000076aec8b28) thrown at [/Users/java_re/workspace/8-2-build-macosx-x86_64/jdk8u111/7883/hotspot/src/share/vm/prims/jni.cpp, line 709]
Event: 0.672 Thread 0x00007f830b001000 Exception <a 'java/io/FileNotFoundException'> (0x000000076aec9678) thrown at [/Users/java_re/workspace/8-2-build-macosx-x86_64/jdk8u111/7883/hotspot/src/share/vm/prims/jni.cpp, line 709]

Events (10 events):
Event: 3.172 Executing VM operation: ParallelGCFailedAllocation done
Event: 3.506 Thread 0x00007f830b001000 DEOPT PACKING pc=0x000000010eee556f sp=0x0000700000219740
Event: 3.506 Thread 0x00007f830b001000 DEOPT UNPACKING pc=0x000000010ebf1633 sp=0x0000700000219580 mode 0
Event: 3.533 Thread 0x00007f830b001000 DEOPT PACKING pc=0x000000010eee9613 sp=0x0000700000219770
Event: 3.533 Thread 0x00007f830b001000 DEOPT UNPACKING pc=0x000000010ebf1633 sp=0x0000700000219598 mode 0
Event: 3.754 Thread 0x00007f830a22f000 Thread added: 0x00007f830a22f000
Event: 4.169 loading class org/lwjgl/opengl/CallbackUtil
Event: 4.169 loading class org/lwjgl/opengl/CallbackUtil done
Event: 4.215 Executing VM operation: EnableBiasedLocking
Event: 4.215 Executing VM operation: EnableBiasedLocking done


Dynamic libraries:
0x0000000007c9c000 	/System/Library/Frameworks/Cocoa.framework/Versions/A/Cocoa
0x0000000007c9c000 	/System/Library/Frameworks/Security.framework/Versions/A/Security
0x0000000007c9c000 	/System/Library/Frameworks/ApplicationServices.framework/Versions/A/ApplicationServices
0x0000000007c9c000 	/usr/lib/libz.1.dylib
0x0000000007c9c000 	/usr/lib/libSystem.B.dylib
0x0000000007c9c000 	/usr/lib/libobjc.A.dylib
0x0000000007c9c000 	/System/Library/Frameworks/CoreFoundation.framework/Versions/A/CoreFoundation
0x0000000007c9c000 	/System/Library/Frameworks/Foundation.framework/Versions/C/Foundation
0x0000000007c9c000 	/System/Library/Frameworks/AppKit.framework/Versions/C/AppKit
0x0000000007c9c000 	/System/Library/Frameworks/CoreData.framework/Versions/A/CoreData
0x0000000007c9c000 	/System/Library/PrivateFrameworks/RemoteViewServices.framework/Versions/A/RemoteViewServices
0x0000000007c9c000 	/System/Library/PrivateFrameworks/UIFoundation.framework/Versions/A/UIFoundation
0x0000000007c9c000 	/usr/lib/libScreenReader.dylib
0x0000000007c9c000 	/System/Library/Frameworks/Accelerate.framework/Versions/A/Accelerate
0x0000000007c9c000 	/System/Library/Frameworks/IOSurface.framework/Versions/A/IOSurface
0x0000000007c9c000 	/System/Library/Frameworks/AudioToolbox.framework/Versions/A/AudioToolbox
0x0000000007c9c000 	/System/Library/Frameworks/AudioUnit.framework/Versions/A/AudioUnit
0x0000000007c9c000 	/System/Library/PrivateFrameworks/DataDetectorsCore.framework/Versions/A/DataDetectorsCore
0x0000000007c9c000 	/System/Library/PrivateFrameworks/DesktopServicesPriv.framework/Versions/A/DesktopServicesPriv
0x0000000007c9c000 	/System/Library/Frameworks/Carbon.framework/Versions/A/Frameworks/HIToolbox.framework/Versions/A/HIToolbox
0x0000000007c9c000 	/System/Library/Frameworks/QuartzCore.framework/Versions/A/QuartzCore
0x0000000007c9c000 	/System/Library/Frameworks/Carbon.framework/Versions/A/Frameworks/SpeechRecognition.framework/Versions/A/SpeechRecognition
0x0000000007c9c000 	/usr/lib/libauto.dylib
0x0000000007c9c000 	/usr/lib/libicucore.A.dylib
0x0000000007c9c000 	/usr/lib/libxml2.2.dylib
0x0000000007c9c000 	/System/Library/PrivateFrameworks/CoreUI.framework/Versions/A/CoreUI
0x0000000007c9c000 	/System/Library/Frameworks/CoreAudio.framework/Versions/A/CoreAudio
0x0000000007c9c000 	/System/Library/Frameworks/DiskArbitration.framework/Versions/A/DiskArbitration
0x0000000007c9c000 	/usr/lib/liblangid.dylib
0x0000000007c9c000 	/System/Library/PrivateFrameworks/MultitouchSupport.framework/Versions/A/MultitouchSupport
0x0000000007c9c000 	/System/Library/Frameworks/IOKit.framework/Versions/A/IOKit
0x0000000007c9c000 	/usr/lib/libDiagnosticMessagesClient.dylib
0x0000000007c9c000 	/System/Library/Frameworks/CoreServices.framework/Versions/A/CoreServices
0x0000000007c9c000 	/System/Library/PrivateFrameworks/PerformanceAnalysis.framework/Versions/A/PerformanceAnalysis
0x0000000007c9c000 	/System/Library/PrivateFrameworks/GenerationalStorage.framework/Versions/A/GenerationalStorage
0x0000000007c9c000 	/System/Library/Frameworks/OpenGL.framework/Versions/A/OpenGL
0x0000000007c9c000 	/System/Library/PrivateFrameworks/Sharing.framework/Versions/A/Sharing
0x0000000007c9c000 	/System/Library/Frameworks/CoreGraphics.framework/Versions/A/CoreGraphics
0x0000000007c9c000 	/System/Library/Frameworks/CoreImage.framework/Versions/A/CoreImage
0x0000000007c9c000 	/System/Library/Frameworks/CoreText.framework/Versions/A/CoreText
0x0000000007c9c000 	/System/Library/Frameworks/ImageIO.framework/Versions/A/ImageIO
0x0000000007c9c000 	/System/Library/PrivateFrameworks/Backup.framework/Versions/A/Backup
0x0000000007c9c000 	/usr/lib/libextension.dylib
0x0000000007c9c000 	/usr/lib/libarchive.2.dylib
0x0000000007c9c000 	/System/Library/Frameworks/CFNetwork.framework/Versions/A/CFNetwork
0x0000000007c9c000 	/System/Library/Frameworks/SystemConfiguration.framework/Versions/A/SystemConfiguration
0x0000000007c9c000 	/usr/lib/libCRFSuite.dylib
0x0000000007c9c000 	/usr/lib/libc++.1.dylib
0x0000000007c9c000 	/usr/lib/libc++abi.dylib
0x0000000007c9c000 	/usr/lib/system/libcache.dylib
0x0000000007c9c000 	/usr/lib/system/libcommonCrypto.dylib
0x0000000007c9c000 	/usr/lib/system/libcompiler_rt.dylib
0x0000000007c9c000 	/usr/lib/system/libcopyfile.dylib
0x0000000007c9c000 	/usr/lib/system/libcorecrypto.dylib
0x0000000007c9c000 	/usr/lib/system/libdispatch.dylib
0x0000000007c9c000 	/usr/lib/system/libdyld.dylib
0x0000000007c9c000 	/usr/lib/system/libkeymgr.dylib
0x0000000007c9c000 	/usr/lib/system/liblaunch.dylib
0x0000000007c9c000 	/usr/lib/system/libmacho.dylib
0x0000000007c9c000 	/usr/lib/system/libquarantine.dylib
0x0000000007c9c000 	/usr/lib/system/libremovefile.dylib
0x0000000007c9c000 	/usr/lib/system/libsystem_asl.dylib
0x0000000007c9c000 	/usr/lib/system/libsystem_blocks.dylib
0x0000000007c9c000 	/usr/lib/system/libsystem_c.dylib
0x0000000007c9c000 	/usr/lib/system/libsystem_configuration.dylib
0x0000000007c9c000 	/usr/lib/system/libsystem_coreservices.dylib
0x0000000007c9c000 	/usr/lib/system/libsystem_coretls.dylib
0x0000000007c9c000 	/usr/lib/system/libsystem_dnssd.dylib
0x0000000007c9c000 	/usr/lib/system/libsystem_info.dylib
0x0000000007c9c000 	/usr/lib/system/libsystem_kernel.dylib
0x0000000007c9c000 	/usr/lib/system/libsystem_m.dylib
0x0000000007c9c000 	/usr/lib/system/libsystem_malloc.dylib
0x0000000007c9c000 	/usr/lib/system/libsystem_network.dylib
0x0000000007c9c000 	/usr/lib/system/libsystem_networkextension.dylib
0x0000000007c9c000 	/usr/lib/system/libsystem_notify.dylib
0x0000000007c9c000 	/usr/lib/system/libsystem_platform.dylib
0x0000000007c9c000 	/usr/lib/system/libsystem_pthread.dylib
0x0000000007c9c000 	/usr/lib/system/libsystem_sandbox.dylib
0x0000000007c9c000 	/usr/lib/system/libsystem_secinit.dylib
0x0000000007c9c000 	/usr/lib/system/libsystem_trace.dylib
0x0000000007c9c000 	/usr/lib/system/libunc.dylib
0x0000000007c9c000 	/usr/lib/system/libunwind.dylib
0x0000000007c9c000 	/usr/lib/system/libxpc.dylib
0x0000000007c9c000 	/usr/lib/libenergytrace.dylib
0x0000000007c9c000 	/usr/lib/libbsm.0.dylib
0x0000000007c9c000 	/usr/lib/system/libkxld.dylib
0x0000000007c9c000 	/usr/lib/libxar.1.dylib
0x0000000007c9c000 	/usr/lib/libsqlite3.dylib
0x0000000007c9c000 	/usr/lib/libpam.2.dylib
0x0000000007c9c000 	/usr/lib/libOpenScriptingUtil.dylib
0x0000000007c9c000 	/usr/lib/libbz2.1.0.dylib
0x0000000007c9c000 	/usr/lib/liblzma.5.dylib
0x0000000007c9c000 	/System/Library/Frameworks/CoreServices.framework/Versions/A/Frameworks/FSEvents.framework/Versions/A/FSEvents
0x0000000007c9c000 	/System/Library/Frameworks/CoreServices.framework/Versions/A/Frameworks/CarbonCore.framework/Versions/A/CarbonCore
0x0000000007c9c000 	/System/Library/Frameworks/CoreServices.framework/Versions/A/Frameworks/Metadata.framework/Versions/A/Metadata
0x0000000007c9c000 	/System/Library/Frameworks/CoreServices.framework/Versions/A/Frameworks/OSServices.framework/Versions/A/OSServices
0x0000000007c9c000 	/System/Library/Frameworks/CoreServices.framework/Versions/A/Frameworks/SearchKit.framework/Versions/A/SearchKit
0x0000000007c9c000 	/System/Library/Frameworks/CoreServices.framework/Versions/A/Frameworks/AE.framework/Versions/A/AE
0x0000000007c9c000 	/System/Library/Frameworks/CoreServices.framework/Versions/A/Frameworks/LaunchServices.framework/Versions/A/LaunchServices
0x0000000007c9c000 	/System/Library/Frameworks/CoreServices.framework/Versions/A/Frameworks/DictionaryServices.framework/Versions/A/DictionaryServices
0x0000000007c9c000 	/System/Library/Frameworks/CoreServices.framework/Versions/A/Frameworks/SharedFileList.framework/Versions/A/SharedFileList
0x0000000007c9c000 	/System/Library/Frameworks/NetFS.framework/Versions/A/NetFS
0x0000000007c9c000 	/System/Library/PrivateFrameworks/NetAuth.framework/Versions/A/NetAuth
0x0000000007c9c000 	/System/Library/PrivateFrameworks/login.framework/Versions/A/Frameworks/loginsupport.framework/Versions/A/loginsupport
0x0000000007c9c000 	/System/Library/PrivateFrameworks/TCC.framework/Versions/A/TCC
0x0000000007c9c000 	/usr/lib/libmecabra.dylib
0x0000000007c9c000 	/System/Library/Frameworks/ApplicationServices.framework/Versions/A/Frameworks/ATS.framework/Versions/A/ATS
0x0000000007c9c000 	/System/Library/Frameworks/ApplicationServices.framework/Versions/A/Frameworks/ColorSync.framework/Versions/A/ColorSync
0x0000000007c9c000 	/System/Library/Frameworks/ApplicationServices.framework/Versions/A/Frameworks/HIServices.framework/Versions/A/HIServices
0x0000000007c9c000 	/System/Library/Frameworks/ApplicationServices.framework/Versions/A/Frameworks/LangAnalysis.framework/Versions/A/LangAnalysis
0x0000000007c9c000 	/System/Library/Frameworks/ApplicationServices.framework/Versions/A/Frameworks/PrintCore.framework/Versions/A/PrintCore
0x0000000007c9c000 	/System/Library/Frameworks/ApplicationServices.framework/Versions/A/Frameworks/QD.framework/Versions/A/QD
0x0000000007c9c000 	/System/Library/Frameworks/ApplicationServices.framework/Versions/A/Frameworks/SpeechSynthesis.framework/Versions/A/SpeechSynthesis
0x0000000007c9c000 	/System/Library/Frameworks/Metal.framework/Versions/A/Metal
0x0000000007c9c000 	/System/Library/Frameworks/Accelerate.framework/Versions/A/Frameworks/vImage.framework/Versions/A/vImage
0x0000000007c9c000 	/System/Library/Frameworks/Accelerate.framework/Versions/A/Frameworks/vecLib.framework/Versions/A/vecLib
0x0000000007c9c000 	/System/Library/Frameworks/Accelerate.framework/Versions/A/Frameworks/vecLib.framework/Versions/A/libvDSP.dylib
0x0000000007c9c000 	/System/Library/Frameworks/Accelerate.framework/Versions/A/Frameworks/vecLib.framework/Versions/A/libvMisc.dylib
0x0000000007c9c000 	/System/Library/Frameworks/Accelerate.framework/Versions/A/Frameworks/vecLib.framework/Versions/A/libLAPACK.dylib
0x0000000007c9c000 	/System/Library/Frameworks/Accelerate.framework/Versions/A/Frameworks/vecLib.framework/Versions/A/libBLAS.dylib
0x0000000007c9c000 	/System/Library/Frameworks/Accelerate.framework/Versions/A/Frameworks/vecLib.framework/Versions/A/libLinearAlgebra.dylib
0x0000000007c9c000 	/System/Library/Frameworks/Accelerate.framework/Versions/A/Frameworks/vecLib.framework/Versions/A/libSparseBLAS.dylib
0x0000000007c9c000 	/System/Library/PrivateFrameworks/GPUCompiler.framework/libmetal_timestamp.dylib
0x0000000007c9c000 	/System/Library/Frameworks/OpenGL.framework/Versions/A/Libraries/libCoreFSCache.dylib
0x0000000007c9c000 	/System/Library/PrivateFrameworks/IOAccelerator.framework/Versions/A/IOAccelerator
0x0000000007c9c000 	/System/Library/Frameworks/ApplicationServices.framework/Versions/A/Frameworks/ATS.framework/Versions/A/Resources/libFontParser.dylib
0x0000000007c9c000 	/System/Library/Frameworks/ApplicationServices.framework/Versions/A/Frameworks/ATS.framework/Versions/A/Resources/libFontRegistry.dylib
0x0000000007c9c000 	/System/Library/PrivateFrameworks/AppleVPA.framework/Versions/A/AppleVPA
0x0000000007c9c000 	/System/Library/PrivateFrameworks/AppleJPEG.framework/Versions/A/AppleJPEG
0x0000000007c9c000 	/System/Library/Frameworks/ImageIO.framework/Versions/A/Resources/libJPEG.dylib
0x0000000007c9c000 	/System/Library/Frameworks/ImageIO.framework/Versions/A/Resources/libTIFF.dylib
0x0000000007c9c000 	/System/Library/Frameworks/ImageIO.framework/Versions/A/Resources/libPng.dylib
0x0000000007c9c000 	/System/Library/Frameworks/ImageIO.framework/Versions/A/Resources/libGIF.dylib
0x0000000007c9c000 	/System/Library/Frameworks/ImageIO.framework/Versions/A/Resources/libJP2.dylib
0x0000000007c9c000 	/System/Library/Frameworks/ImageIO.framework/Versions/A/Resources/libRadiance.dylib
0x0000000007c9c000 	/System/Library/Frameworks/CoreVideo.framework/Versions/A/CoreVideo
0x0000000007c9c000 	/System/Library/Frameworks/OpenGL.framework/Versions/A/Libraries/libGLU.dylib
0x0000000007c9c000 	/System/Library/Frameworks/OpenGL.framework/Versions/A/Libraries/libGFXShared.dylib
0x0000000007c9c000 	/System/Library/Frameworks/OpenGL.framework/Versions/A/Libraries/libGL.dylib
0x0000000007c9c000 	/System/Library/Frameworks/OpenGL.framework/Versions/A/Libraries/libGLImage.dylib
0x0000000007c9c000 	/System/Library/Frameworks/OpenGL.framework/Versions/A/Libraries/libCVMSPluginSupport.dylib
0x0000000007c9c000 	/System/Library/Frameworks/OpenGL.framework/Versions/A/Libraries/libCoreVMClient.dylib
0x0000000007c9c000 	/usr/lib/libcompression.dylib
0x0000000007c9c000 	/usr/lib/libcups.2.dylib
0x0000000007c9c000 	/System/Library/Frameworks/Kerberos.framework/Versions/A/Kerberos
0x0000000007c9c000 	/System/Library/Frameworks/GSS.framework/Versions/A/GSS
0x0000000007c9c000 	/usr/lib/libresolv.9.dylib
0x0000000007c9c000 	/usr/lib/libiconv.2.dylib
0x0000000007c9c000 	/System/Library/PrivateFrameworks/Heimdal.framework/Versions/A/Heimdal
0x0000000007c9c000 	/usr/lib/libheimdal-asn1.dylib
0x0000000007c9c000 	/System/Library/Frameworks/OpenDirectory.framework/Versions/A/OpenDirectory
0x0000000007c9c000 	/System/Library/PrivateFrameworks/CommonAuth.framework/Versions/A/CommonAuth
0x0000000007c9c000 	/System/Library/Frameworks/OpenDirectory.framework/Versions/A/Frameworks/CFOpenDirectory.framework/Versions/A/CFOpenDirectory
0x0000000007c9c000 	/System/Library/Frameworks/SecurityFoundation.framework/Versions/A/SecurityFoundation
0x0000000007c9c000 	/System/Library/PrivateFrameworks/LanguageModeling.framework/Versions/A/LanguageModeling
0x0000000007c9c000 	/usr/lib/libmarisa.dylib
0x0000000007c9c000 	/usr/lib/libChineseTokenizer.dylib
0x0000000007c9c000 	/usr/lib/libcmph.dylib
0x0000000007c9c000 	/System/Library/Frameworks/ServiceManagement.framework/Versions/A/ServiceManagement
0x0000000007c9c000 	/usr/lib/libxslt.1.dylib
0x0000000007c9c000 	/System/Library/Frameworks/Carbon.framework/Versions/A/Frameworks/Ink.framework/Versions/A/Ink
0x0000000007c9c000 	/usr/lib/libFosl_dynamic.dylib
0x0000000007c9c000 	/System/Library/PrivateFrameworks/FaceCore.framework/Versions/A/FaceCore
0x0000000007c9c000 	/System/Library/Frameworks/OpenCL.framework/Versions/A/OpenCL
0x0000000007c9c000 	/System/Library/PrivateFrameworks/CrashReporterSupport.framework/Versions/A/CrashReporterSupport
0x0000000007c9c000 	/System/Library/PrivateFrameworks/IconServices.framework/Versions/A/IconServices
0x0000000007c9c000 	/System/Library/PrivateFrameworks/Apple80211.framework/Versions/A/Apple80211
0x0000000007c9c000 	/System/Library/Frameworks/CoreWLAN.framework/Versions/A/CoreWLAN
0x0000000007c9c000 	/System/Library/Frameworks/IOBluetooth.framework/Versions/A/IOBluetooth
0x0000000007c9c000 	/System/Library/PrivateFrameworks/CoreWiFi.framework/Versions/A/CoreWiFi
0x0000000007c9c000 	/System/Library/Frameworks/CoreBluetooth.framework/Versions/A/CoreBluetooth
0x0000000007c9c000 	/System/Library/PrivateFrameworks/ChunkingLibrary.framework/Versions/A/ChunkingLibrary
0x0000000007c9c000 	/System/Library/PrivateFrameworks/DebugSymbols.framework/Versions/A/DebugSymbols
0x0000000007c9c000 	/System/Library/PrivateFrameworks/CoreSymbolication.framework/Versions/A/CoreSymbolication
0x0000000007c9c000 	/System/Library/PrivateFrameworks/Symbolication.framework/Versions/A/Symbolication
0x0000000007c9c000 	/System/Library/PrivateFrameworks/SpeechRecognitionCore.framework/Versions/A/SpeechRecognitionCore
0x000000010dc00000 	/Library/Java/JavaVirtualMachines/jdk1.8.0_111.jdk/Contents/Home/jre/lib/server/libjvm.dylib
0x0000000007c9c000 	/usr/lib/libstdc++.6.dylib
0x000000010d3ac000 	/Library/Java/JavaVirtualMachines/jdk1.8.0_111.jdk/Contents/Home/jre/lib/libverify.dylib
0x000000010d3ba000 	/Library/Java/JavaVirtualMachines/jdk1.8.0_111.jdk/Contents/Home/jre/lib/libjava.dylib
0x000000010eba1000 	/Library/Java/JavaVirtualMachines/jdk1.8.0_111.jdk/Contents/Home/jre/lib/libzip.dylib
0x0000000128fe0000 	/System/Library/Frameworks/JavaVM.framework/Frameworks/JavaRuntimeSupport.framework/JavaRuntimeSupport
0x0000000128ffb000 	/System/Library/Frameworks/JavaVM.framework/Versions/A/Frameworks/JavaNativeFoundation.framework/Versions/A/JavaNativeFoundation
0x0000000129010000 	/System/Library/Frameworks/JavaVM.framework/Versions/A/JavaVM
0x0000000007c9c000 	/System/Library/Frameworks/Carbon.framework/Versions/A/Carbon
0x000000012901d000 	/System/Library/PrivateFrameworks/JavaLaunching.framework/Versions/A/JavaLaunching
0x0000000007c9c000 	/System/Library/Frameworks/Carbon.framework/Versions/A/Frameworks/CommonPanels.framework/Versions/A/CommonPanels
0x0000000007c9c000 	/System/Library/Frameworks/Carbon.framework/Versions/A/Frameworks/Help.framework/Versions/A/Help
0x0000000007c9c000 	/System/Library/Frameworks/Carbon.framework/Versions/A/Frameworks/ImageCapture.framework/Versions/A/ImageCapture
0x0000000007c9c000 	/System/Library/Frameworks/Carbon.framework/Versions/A/Frameworks/OpenScripting.framework/Versions/A/OpenScripting
0x0000000007c9c000 	/System/Library/Frameworks/Carbon.framework/Versions/A/Frameworks/Print.framework/Versions/A/Print
0x0000000007c9c000 	/System/Library/Frameworks/Carbon.framework/Versions/A/Frameworks/SecurityHI.framework/Versions/A/SecurityHI
0x000000012a94f000 	/Library/Java/JavaVirtualMachines/jdk1.8.0_111.jdk/Contents/Home/jre/lib/libawt.dylib
0x000000012a9f7000 	/Library/Java/JavaVirtualMachines/jdk1.8.0_111.jdk/Contents/Home/jre/lib/./libmlib_image.dylib
0x000000012aac3000 	/Library/Java/JavaVirtualMachines/jdk1.8.0_111.jdk/Contents/Home/jre/lib/libawt_lwawt.dylib
0x000000012ab78000 	/Library/Java/JavaVirtualMachines/jdk1.8.0_111.jdk/Contents/Home/jre/lib/./libosxapp.dylib
0x0000000007c9c000 	/System/Library/Frameworks/ExceptionHandling.framework/Versions/A/ExceptionHandling
0x0000000007c9c000 	/System/Library/PrivateFrameworks/CoreServicesInternal.framework/Versions/A/CoreServicesInternal
0x0000000007c9c000 	/System/Library/Frameworks/CoreGraphics.framework/Versions/A/Resources/libRIP.A.dylib
0x0000000007c9c000 	/System/Library/Frameworks/Accelerate.framework/Versions/A/Frameworks/vImage.framework/Versions/A/Libraries/libCGInterfaces.dylib
0x0000000007c9c000 	/System/Library/Frameworks/CoreGraphics.framework/Versions/A/Resources/libCGXType.A.dylib
0x0000000007c9c000 	/System/Library/Frameworks/OpenCL.framework/Versions/A/Libraries/libcldcpuengine.dylib
0x0000000007c9c000 	/System/Library/PrivateFrameworks/DiskImages.framework/Versions/A/DiskImages
0x0000000007c9c000 	/System/Library/Frameworks/DiscRecording.framework/Versions/A/DiscRecording
0x0000000007c9c000 	/usr/lib/libcsfde.dylib
0x0000000007c9c000 	/usr/lib/libcurl.4.dylib
0x0000000007c9c000 	/System/Library/PrivateFrameworks/MediaKit.framework/Versions/A/MediaKit
0x0000000007c9c000 	/System/Library/PrivateFrameworks/ProtectedCloudStorage.framework/Versions/A/ProtectedCloudStorage
0x0000000007c9c000 	/usr/lib/libCoreStorage.dylib
0x0000000007c9c000 	/System/Library/PrivateFrameworks/EFILogin.framework/Versions/A/EFILogin
0x0000000007c9c000 	/usr/lib/libutil.dylib
0x0000000007c9c000 	/System/Library/PrivateFrameworks/FindMyDevice.framework/Versions/A/FindMyDevice
0x0000000007c9c000 	/System/Library/Frameworks/LDAP.framework/Versions/A/LDAP
0x0000000007c9c000 	/usr/lib/libsasl2.2.dylib
0x0000000007c9c000 	/System/Library/PrivateFrameworks/CoreDaemon.framework/Versions/B/CoreDaemon
0x0000000007c9c000 	/usr/lib/libcrypto.0.9.8.dylib
0x0000000007c9c000 	/System/Library/PrivateFrameworks/AppleSRP.framework/Versions/A/AppleSRP
0x0000000007c9c000 	/System/Library/PrivateFrameworks/TrustEvaluationAgent.framework/Versions/A/TrustEvaluationAgent
0x000000012c7e2000 	cl_kernels
0x0000000007c9c000 	/System/Library/Frameworks/OpenCL.framework/Versions/A/Libraries/ImageFormats/unorm8_bgra.dylib
0x0000000007c9c000 	/System/Library/Frameworks/OpenCL.framework/Versions/A/Libraries/ImageFormats/unorm8_rgba.dylib
0x0000000007c9c000 	/System/Library/PrivateFrameworks/FamilyControls.framework/Versions/A/FamilyControls
0x0000000007c9c000 	/System/Library/PrivateFrameworks/CommerceKit.framework/Versions/A/Frameworks/CommerceCore.framework/Versions/A/CommerceCore
0x0000000007c9c000 	/System/Library/PrivateFrameworks/SystemAdministration.framework/Versions/A/SystemAdministration
0x0000000007c9c000 	/System/Library/PrivateFrameworks/AppContainer.framework/Versions/A/AppContainer
0x0000000007c9c000 	/System/Library/PrivateFrameworks/SecCodeWrapper.framework/Versions/A/SecCodeWrapper
0x0000000007c9c000 	/System/Library/Frameworks/DirectoryService.framework/Versions/A/DirectoryService
0x0000000007c9c000 	/System/Library/PrivateFrameworks/LoginUIKit.framework/Versions/A/Frameworks/LoginUICore.framework/Versions/A/LoginUICore
0x0000000007c9c000 	/usr/lib/libodfde.dylib
0x000000012d7fc000 	/Library/Java/JavaVirtualMachines/jdk1.8.0_111.jdk/Contents/Home/jre/lib/libfontmanager.dylib
0x000000012d863000 	/Users/Tom/Desktop/junkish stuff/club stuff/TopDown 2 2/lib/lwjgl-2.9.3/native/macosx/liblwjgl.dylib
0x000000012bcbd000 	/Library/Java/JavaVirtualMachines/jdk1.8.0_111.jdk/Contents/Home/jre/lib/libjawt.dylib
0x0000000007c9c000 	/System/Library/Frameworks/OpenGL.framework/Versions/A/Resources/GLEngine.bundle/GLEngine
0x0000000007c9c000 	/System/Library/Frameworks/OpenGL.framework/Versions/A/Libraries/libGLProgrammability.dylib
0x000000012d8e5000 	/System/Library/Extensions/AppleIntelHD4000GraphicsGLDriver.bundle/Contents/MacOS/AppleIntelHD4000GraphicsGLDriver
0x0000000007c9c000 	/System/Library/PrivateFrameworks/GPUSupport.framework/Versions/A/Libraries/libGPUSupportMercury.dylib
0x0000000007c9c000 	/System/Library/Frameworks/OpenGL.framework/Versions/A/Resources/GLRendererFloat.bundle/GLRendererFloat

VM Arguments:
jvm_args: -Djava.library.path=/Users/Tom/Desktop/junkish stuff/club stuff/TopDown 2 2/lib/lwjgl-2.9.3/native/macosx:/Users/Tom/Desktop/junkish stuff/club stuff/TopDown 2 2/lib/lwjgl-2.9.3/native/macosx:/Users/Tom/Desktop/junkish stuff/club stuff/TopDown 2 2/lib/lwjgl-2.9.3/native/macosx -Dfile.encoding=UTF-8 
java_command: data.Driver
java_class_path (initial): /Users/Tom/Desktop/AI Project/OpenGL_Genetic_Langston/bin:/Users/Tom/Desktop/junkish stuff/club stuff/TopDown 2 2/lib/lwjgl-2.9.3/jar/lwjgl_util.jar:/Users/Tom/Desktop/junkish stuff/club stuff/TopDown 2 2/lib/lwjgl-2.9.3/jar/lwjgl.jar:/Users/Tom/Desktop/junkish stuff/club stuff/TopDown 2 2/lib/slick-util.jar
Launcher Type: SUN_STANDARD

Environment Variables:
PATH=/usr/bin:/bin:/usr/sbin:/sbin
SHELL=/bin/bash

Signal Handlers:
SIGSEGV: [libjvm.dylib+0x5b03ed], sa_mask[0]=11111111011111110111111111111111, sa_flags=SA_ONSTACK|SA_RESTART|SA_SIGINFO
SIGBUS: [libjvm.dylib+0x5b03ed], sa_mask[0]=11111111011111110111111111111111, sa_flags=SA_RESTART|SA_SIGINFO
SIGFPE: [libjvm.dylib+0x48711c], sa_mask[0]=11111111011111110111111111111111, sa_flags=SA_RESTART|SA_SIGINFO
SIGPIPE: [libjvm.dylib+0x48711c], sa_mask[0]=11111111011111110111111111111111, sa_flags=SA_RESTART|SA_SIGINFO
SIGXFSZ: [libjvm.dylib+0x48711c], sa_mask[0]=11111111011111110111111111111111, sa_flags=SA_RESTART|SA_SIGINFO
SIGILL: [libjvm.dylib+0x48711c], sa_mask[0]=11111111011111110111111111111111, sa_flags=SA_RESTART|SA_SIGINFO
SIGUSR1: SIG_DFL, sa_mask[0]=00000000000000000000000000000000, sa_flags=none
SIGUSR2: [libjvm.dylib+0x486c3a], sa_mask[0]=00100000000000000000000000000000, sa_flags=SA_RESTART|SA_SIGINFO
SIGHUP: [libjvm.dylib+0x485211], sa_mask[0]=11111111011111110111111111111111, sa_flags=SA_RESTART|SA_SIGINFO
SIGINT: [libjvm.dylib+0x485211], sa_mask[0]=11111111011111110111111111111111, sa_flags=SA_RESTART|SA_SIGINFO
SIGTERM: [libjvm.dylib+0x485211], sa_mask[0]=11111111011111110111111111111111, sa_flags=SA_RESTART|SA_SIGINFO
SIGQUIT: [libjvm.dylib+0x485211], sa_mask[0]=11111111011111110111111111111111, sa_flags=SA_RESTART|SA_SIGINFO


---------------  S Y S T E M  ---------------

OS:Bsduname:Darwin 15.6.0 Darwin Kernel Version 15.6.0: Thu Jun 23 18:25:34 PDT 2016; root:xnu-3248.60.10~1/RELEASE_X86_64 x86_64
rlimit: STACK 8192k, CORE 0k, NPROC 709, NOFILE 10240, AS infinity
load average:1.90 2.09 2.09

CPU:total 4 (2 cores per cpu, 2 threads per core) family 6 model 58 stepping 9, cmov, cx8, fxsr, mmx, sse, sse2, sse3, ssse3, sse4.1, sse4.2, popcnt, avx, aes, clmul, erms, ht, tsc, tscinvbit, tscinv

Memory: 4k page, physical 16777216k(1333444k free)

/proc/meminfo:


vm_info: Java HotSpot(TM) 64-Bit Server VM (25.111-b14) for bsd-amd64 JRE (1.8.0_111-b14), built on Sep 22 2016 15:31:41 by "java_re" with gcc 4.2.1 (Based on Apple Inc. build 5658) (LLVM build 2336.11.00)

time: Thu Mar  9 02:38:41 2017
elapsed time: 4 seconds (0d 0h 0m 4s)

